This file contains any messages produced by compilers while
running configure, to aid debugging if configure makes a mistake.

It was created by mpc configure 1.0.2, which was
generated by GNU Autoconf 2.69.  Invocation command line was

  $ ./configure --host=i386-pc-posnk --build=x86_64-pc-linux --prefix=/home/peterbjornx/nk/gcc_posnk/i386-pc-posnk --target=i386-pc-posnk --with-gmp-include=/home/peterbjornx/nk/gcc_posnk/include --with-mpfr-include=/home/peterbjornx/nk/gcc_posnk/i386-pc-posnk/include/

## --------- ##
## Platform. ##
## --------- ##

hostname = Peterbjornx-PC
uname -m = x86_64
uname -r = 3.2.0-4-amd64
uname -s = Linux
uname -v = #1 SMP Debian 3.2.41-2

/usr/bin/uname -p = unknown
/bin/uname -X     = unknown

/bin/arch              = unknown
/usr/bin/arch -k       = unknown
/usr/convex/getsysinfo = unknown
/usr/bin/hostinfo      = unknown
/bin/machine           = unknown
/usr/bin/oslevel       = unknown
/bin/universe          = unknown

PATH: /usr/local/bin
PATH: /usr/bin
PATH: /bin
PATH: /usr/local/games
PATH: /usr/games
PATH: /usr/bin
PATH: /opt/standalone/bin
PATH: /home/peterbjornx/nk/gcc_posnk/bin


## ----------- ##
## Core tests. ##
## ----------- ##

configure:2332: checking for a BSD-compatible install
configure:2400: result: /usr/bin/install -c
configure:2411: checking whether build environment is sane
configure:2466: result: yes
configure:2525: checking for i386-pc-posnk-strip
configure:2541: found /home/peterbjornx/nk/gcc_posnk/bin/i386-pc-posnk-strip
configure:2552: result: i386-pc-posnk-strip
configure:2617: checking for a thread-safe mkdir -p
configure:2656: result: /bin/mkdir -p
configure:2663: checking for gawk
configure:2679: found /usr/bin/gawk
configure:2690: result: gawk
configure:2701: checking whether make sets $(MAKE)
configure:2723: result: yes
configure:2810: checking whether to enable maintainer-specific portions of Makefiles
configure:2819: result: no
configure:2840: checking build system type
configure:2854: result: x86_64-pc-linux-gnu
configure:2874: checking host system type
configure:2887: result: i386-pc-posnk
configure:3068: checking for grep that handles long lines and -e
configure:3126: result: /bin/grep
configure:3131: checking for egrep
configure:3193: result: /bin/grep -E
configure:3198: checking for a sed that does not truncate output
configure:3262: result: /bin/sed
configure:3269: checking for CC and CFLAGS in gmp.h
configure:3295: result: yes CC=i386-pc-posnk-gcc -std=gnu99 CFLAGS=-m32 -O2 -pedantic -fomit-frame-pointer -mtune=i386 -march=i386
configure:3301: checking for CC=i386-pc-posnk-gcc -std=gnu99 and CFLAGS=-m32 -O2 -pedantic -fomit-frame-pointer -mtune=i386 -march=i386
configure:3305: result: yes
configure:3328: checking for i386-pc-posnk-gcc
configure:3355: result: i386-pc-posnk-gcc -std=gnu99
configure:3624: checking for C compiler version
configure:3633: i386-pc-posnk-gcc -std=gnu99 --version >&5
i386-pc-posnk-gcc (GCC) 4.7.2
Copyright (C) 2012 Free Software Foundation, Inc.
This is free software; see the source for copying conditions.  There is NO
warranty; not even for MERCHANTABILITY or FITNESS FOR A PARTICULAR PURPOSE.

configure:3644: $? = 0
configure:3633: i386-pc-posnk-gcc -std=gnu99 -v >&5
Using built-in specs.
COLLECT_GCC=i386-pc-posnk-gcc
COLLECT_LTO_WRAPPER=/home/peterbjornx/nk/gcc_posnk/libexec/gcc/i386-pc-posnk/4.7.2/lto-wrapper
Target: i386-pc-posnk
Configured with: ../gcc-4.7.2/configure --target=i386-pc-posnk --prefix=/home/peterbjornx/nk/gcc_posnk
Thread model: single
gcc version 4.7.2 (GCC) 
configure:3644: $? = 0
configure:3633: i386-pc-posnk-gcc -std=gnu99 -V >&5
i386-pc-posnk-gcc: error: unrecognized command line option '-V'
i386-pc-posnk-gcc: fatal error: no input files
compilation terminated.
configure:3644: $? = 1
configure:3633: i386-pc-posnk-gcc -std=gnu99 -qversion >&5
i386-pc-posnk-gcc: error: unrecognized command line option '-qversion'
i386-pc-posnk-gcc: fatal error: no input files
compilation terminated.
configure:3644: $? = 1
configure:3664: checking whether the C compiler works
configure:3686: i386-pc-posnk-gcc -std=gnu99 -m32 -O2 -pedantic -fomit-frame-pointer -mtune=i386 -march=i386 -I/home/peterbjornx/nk/gcc_posnk/include -I/home/peterbjornx/nk/gcc_posnk/i386-pc-posnk/include/   conftest.c  >&5
configure:3690: $? = 0
configure:3738: result: yes
configure:3741: checking for C compiler default output file name
configure:3743: result: a.out
configure:3749: checking for suffix of executables
configure:3756: i386-pc-posnk-gcc -std=gnu99 -o conftest -m32 -O2 -pedantic -fomit-frame-pointer -mtune=i386 -march=i386 -I/home/peterbjornx/nk/gcc_posnk/include -I/home/peterbjornx/nk/gcc_posnk/i386-pc-posnk/include/   conftest.c  >&5
configure:3760: $? = 0
configure:3782: result: 
configure:3804: checking whether we are cross compiling
configure:3842: result: yes
configure:3847: checking for suffix of object files
configure:3869: i386-pc-posnk-gcc -std=gnu99 -c -m32 -O2 -pedantic -fomit-frame-pointer -mtune=i386 -march=i386 -I/home/peterbjornx/nk/gcc_posnk/include -I/home/peterbjornx/nk/gcc_posnk/i386-pc-posnk/include/  conftest.c >&5
configure:3873: $? = 0
configure:3894: result: o
configure:3898: checking whether we are using the GNU C compiler
configure:3917: i386-pc-posnk-gcc -std=gnu99 -c -m32 -O2 -pedantic -fomit-frame-pointer -mtune=i386 -march=i386 -I/home/peterbjornx/nk/gcc_posnk/include -I/home/peterbjornx/nk/gcc_posnk/i386-pc-posnk/include/  conftest.c >&5
configure:3917: $? = 0
configure:3926: result: yes
configure:3935: checking whether i386-pc-posnk-gcc -std=gnu99 accepts -g
configure:3955: i386-pc-posnk-gcc -std=gnu99 -c -g -I/home/peterbjornx/nk/gcc_posnk/include -I/home/peterbjornx/nk/gcc_posnk/i386-pc-posnk/include/  conftest.c >&5
configure:3955: $? = 0
configure:3996: result: yes
configure:4013: checking for i386-pc-posnk-gcc -std=gnu99 option to accept ISO C89
configure:4076: i386-pc-posnk-gcc -std=gnu99  -c -m32 -O2 -pedantic -fomit-frame-pointer -mtune=i386 -march=i386 -I/home/peterbjornx/nk/gcc_posnk/include -I/home/peterbjornx/nk/gcc_posnk/i386-pc-posnk/include/  conftest.c >&5
configure:4076: $? = 0
configure:4089: result: none needed
configure:4120: checking for style of include used by make
configure:4148: result: GNU
configure:4174: checking dependency style of i386-pc-posnk-gcc -std=gnu99
configure:4285: result: gcc3
configure:4314: checking for i386-pc-posnk-ar
configure:4330: found /home/peterbjornx/nk/gcc_posnk/bin/i386-pc-posnk-ar
configure:4341: result: i386-pc-posnk-ar
configure:4411: checking the archiver (i386-pc-posnk-ar) interface
configure:4421: i386-pc-posnk-gcc -std=gnu99 -c -m32 -O2 -pedantic -fomit-frame-pointer -mtune=i386 -march=i386 -I/home/peterbjornx/nk/gcc_posnk/include -I/home/peterbjornx/nk/gcc_posnk/i386-pc-posnk/include/  conftest.c >&5
configure:4421: $? = 0
configure:4423: i386-pc-posnk-ar cru libconftest.a conftest.o >&5
configure:4426: $? = 0
configure:4449: result: ar
configure:4517: checking how to print strings
configure:4544: result: printf
configure:4565: checking for a sed that does not truncate output
configure:4629: result: /bin/sed
configure:4647: checking for fgrep
configure:4709: result: /bin/grep -F
configure:4744: checking for ld used by i386-pc-posnk-gcc -std=gnu99
configure:4811: result: /home/peterbjornx/nk/gcc_posnk/i386-pc-posnk/bin/ld
configure:4818: checking if the linker (/home/peterbjornx/nk/gcc_posnk/i386-pc-posnk/bin/ld) is GNU ld
configure:4833: result: yes
configure:4845: checking for BSD- or MS-compatible name lister (nm)
configure:4894: result: /home/peterbjornx/nk/gcc_posnk/bin/i386-pc-posnk-nm -B
configure:5024: checking the name lister (/home/peterbjornx/nk/gcc_posnk/bin/i386-pc-posnk-nm -B) interface
configure:5031: i386-pc-posnk-gcc -std=gnu99 -c -m32 -O2 -pedantic -fomit-frame-pointer -mtune=i386 -march=i386 -I/home/peterbjornx/nk/gcc_posnk/include -I/home/peterbjornx/nk/gcc_posnk/i386-pc-posnk/include/  conftest.c >&5
configure:5034: /home/peterbjornx/nk/gcc_posnk/bin/i386-pc-posnk-nm -B "conftest.o"
configure:5037: output
00000000 B some_variable
configure:5044: result: BSD nm
configure:5047: checking whether ln -s works
configure:5051: result: yes
configure:5059: checking the maximum length of command line arguments
configure:5184: result: 1572864
configure:5201: checking whether the shell understands some XSI constructs
configure:5211: result: yes
configure:5215: checking whether the shell understands "+="
configure:5221: result: yes
configure:5256: checking how to convert x86_64-pc-linux-gnu file names to i386-pc-posnk format
configure:5296: result: func_convert_file_noop
configure:5303: checking how to convert x86_64-pc-linux-gnu file names to toolchain format
configure:5323: result: func_convert_file_noop
configure:5330: checking for /home/peterbjornx/nk/gcc_posnk/i386-pc-posnk/bin/ld option to reload object files
configure:5337: result: -r
configure:5371: checking for i386-pc-posnk-objdump
configure:5387: found /home/peterbjornx/nk/gcc_posnk/bin/i386-pc-posnk-objdump
configure:5398: result: i386-pc-posnk-objdump
configure:5470: checking how to recognize dependent libraries
configure:5672: result: unknown
configure:5717: checking for i386-pc-posnk-dlltool
configure:5747: result: no
configure:5757: checking for dlltool
configure:5787: result: no
configure:5817: checking how to associate runtime and link libraries
configure:5844: result: printf %s\n
configure:5860: checking for i386-pc-posnk-ar
configure:5887: result: i386-pc-posnk-ar
configure:5968: checking for archiver @FILE support
configure:5985: i386-pc-posnk-gcc -std=gnu99 -c -m32 -O2 -pedantic -fomit-frame-pointer -mtune=i386 -march=i386 -I/home/peterbjornx/nk/gcc_posnk/include -I/home/peterbjornx/nk/gcc_posnk/i386-pc-posnk/include/  conftest.c >&5
configure:5985: $? = 0
configure:5988: i386-pc-posnk-ar cru libconftest.a @conftest.lst >&5
configure:5991: $? = 0
configure:5996: i386-pc-posnk-ar cru libconftest.a @conftest.lst >&5
i386-pc-posnk-ar: conftest.o: No such file or directory
configure:5999: $? = 1
configure:6011: result: @
configure:6029: checking for i386-pc-posnk-strip
configure:6056: result: i386-pc-posnk-strip
configure:6128: checking for i386-pc-posnk-ranlib
configure:6144: found /home/peterbjornx/nk/gcc_posnk/bin/i386-pc-posnk-ranlib
configure:6155: result: i386-pc-posnk-ranlib
configure:6297: checking command to parse /home/peterbjornx/nk/gcc_posnk/bin/i386-pc-posnk-nm -B output from i386-pc-posnk-gcc -std=gnu99 object
configure:6416: i386-pc-posnk-gcc -std=gnu99 -c -m32 -O2 -pedantic -fomit-frame-pointer -mtune=i386 -march=i386 -I/home/peterbjornx/nk/gcc_posnk/include -I/home/peterbjornx/nk/gcc_posnk/i386-pc-posnk/include/  conftest.c >&5
configure:6419: $? = 0
configure:6423: /home/peterbjornx/nk/gcc_posnk/bin/i386-pc-posnk-nm -B conftest.o \| sed -n -e 's/^.*[ ]\([ABCDGIRSTW][ABCDGIRSTW]*\)[ ][ ]*\([_A-Za-z][_A-Za-z0-9]*\)$/\1 \2 \2/p' | sed '/ __gnu_lto/d' \> conftest.nm
configure:6426: $? = 0
configure:6492: i386-pc-posnk-gcc -std=gnu99 -o conftest -m32 -O2 -pedantic -fomit-frame-pointer -mtune=i386 -march=i386 -I/home/peterbjornx/nk/gcc_posnk/include -I/home/peterbjornx/nk/gcc_posnk/i386-pc-posnk/include/   conftest.c conftstm.o >&5
conftest.c:29:20: warning: ISO C forbids conversion of function pointer to object pointer type [-pedantic]
configure:6495: $? = 0
configure:6533: result: ok
configure:6570: checking for sysroot
configure:6600: result: no
configure:6803: checking for i386-pc-posnk-mt
configure:6833: result: no
configure:6843: checking for mt
configure:6859: found /bin/mt
configure:6870: result: mt
configure:6882: WARNING: using cross tools not prefixed with host triplet
configure:6893: checking if mt is a manifest tool
configure:6899: mt '-?'
configure:6907: result: no
configure:7539: checking how to run the C preprocessor
configure:7570: i386-pc-posnk-gcc -std=gnu99 -E -I/home/peterbjornx/nk/gcc_posnk/include -I/home/peterbjornx/nk/gcc_posnk/i386-pc-posnk/include/  conftest.c
configure:7570: $? = 0
configure:7584: i386-pc-posnk-gcc -std=gnu99 -E -I/home/peterbjornx/nk/gcc_posnk/include -I/home/peterbjornx/nk/gcc_posnk/i386-pc-posnk/include/  conftest.c
conftest.c:11:28: fatal error: ac_nonexistent.h: No such file or directory
compilation terminated.
configure:7584: $? = 1
configure: failed program was:
| /* confdefs.h */
| #define PACKAGE_NAME "mpc"
| #define PACKAGE_TARNAME "mpc"
| #define PACKAGE_VERSION "1.0.2"
| #define PACKAGE_STRING "mpc 1.0.2"
| #define PACKAGE_BUGREPORT "mpc-discuss@lists.gforge.inria.fr"
| #define PACKAGE_URL ""
| #define PACKAGE "mpc"
| #define VERSION "1.0.2"
| /* end confdefs.h.  */
| #include <ac_nonexistent.h>
configure:7609: result: i386-pc-posnk-gcc -std=gnu99 -E
configure:7629: i386-pc-posnk-gcc -std=gnu99 -E -I/home/peterbjornx/nk/gcc_posnk/include -I/home/peterbjornx/nk/gcc_posnk/i386-pc-posnk/include/  conftest.c
configure:7629: $? = 0
configure:7643: i386-pc-posnk-gcc -std=gnu99 -E -I/home/peterbjornx/nk/gcc_posnk/include -I/home/peterbjornx/nk/gcc_posnk/i386-pc-posnk/include/  conftest.c
conftest.c:11:28: fatal error: ac_nonexistent.h: No such file or directory
compilation terminated.
configure:7643: $? = 1
configure: failed program was:
| /* confdefs.h */
| #define PACKAGE_NAME "mpc"
| #define PACKAGE_TARNAME "mpc"
| #define PACKAGE_VERSION "1.0.2"
| #define PACKAGE_STRING "mpc 1.0.2"
| #define PACKAGE_BUGREPORT "mpc-discuss@lists.gforge.inria.fr"
| #define PACKAGE_URL ""
| #define PACKAGE "mpc"
| #define VERSION "1.0.2"
| /* end confdefs.h.  */
| #include <ac_nonexistent.h>
configure:7672: checking for ANSI C header files
configure:7692: i386-pc-posnk-gcc -std=gnu99 -c -m32 -O2 -pedantic -fomit-frame-pointer -mtune=i386 -march=i386 -I/home/peterbjornx/nk/gcc_posnk/include -I/home/peterbjornx/nk/gcc_posnk/i386-pc-posnk/include/  conftest.c >&5
configure:7692: $? = 0
configure:7776: result: yes
configure:7789: checking for sys/types.h
configure:7789: i386-pc-posnk-gcc -std=gnu99 -c -m32 -O2 -pedantic -fomit-frame-pointer -mtune=i386 -march=i386 -I/home/peterbjornx/nk/gcc_posnk/include -I/home/peterbjornx/nk/gcc_posnk/i386-pc-posnk/include/  conftest.c >&5
configure:7789: $? = 0
configure:7789: result: yes
configure:7789: checking for sys/stat.h
configure:7789: i386-pc-posnk-gcc -std=gnu99 -c -m32 -O2 -pedantic -fomit-frame-pointer -mtune=i386 -march=i386 -I/home/peterbjornx/nk/gcc_posnk/include -I/home/peterbjornx/nk/gcc_posnk/i386-pc-posnk/include/  conftest.c >&5
configure:7789: $? = 0
configure:7789: result: yes
configure:7789: checking for stdlib.h
configure:7789: i386-pc-posnk-gcc -std=gnu99 -c -m32 -O2 -pedantic -fomit-frame-pointer -mtune=i386 -march=i386 -I/home/peterbjornx/nk/gcc_posnk/include -I/home/peterbjornx/nk/gcc_posnk/i386-pc-posnk/include/  conftest.c >&5
configure:7789: $? = 0
configure:7789: result: yes
configure:7789: checking for string.h
configure:7789: i386-pc-posnk-gcc -std=gnu99 -c -m32 -O2 -pedantic -fomit-frame-pointer -mtune=i386 -march=i386 -I/home/peterbjornx/nk/gcc_posnk/include -I/home/peterbjornx/nk/gcc_posnk/i386-pc-posnk/include/  conftest.c >&5
configure:7789: $? = 0
configure:7789: result: yes
configure:7789: checking for memory.h
configure:7789: i386-pc-posnk-gcc -std=gnu99 -c -m32 -O2 -pedantic -fomit-frame-pointer -mtune=i386 -march=i386 -I/home/peterbjornx/nk/gcc_posnk/include -I/home/peterbjornx/nk/gcc_posnk/i386-pc-posnk/include/  conftest.c >&5
conftest.c:50:20: fatal error: memory.h: No such file or directory
compilation terminated.
configure:7789: $? = 1
configure: failed program was:
| /* confdefs.h */
| #define PACKAGE_NAME "mpc"
| #define PACKAGE_TARNAME "mpc"
| #define PACKAGE_VERSION "1.0.2"
| #define PACKAGE_STRING "mpc 1.0.2"
| #define PACKAGE_BUGREPORT "mpc-discuss@lists.gforge.inria.fr"
| #define PACKAGE_URL ""
| #define PACKAGE "mpc"
| #define VERSION "1.0.2"
| #define STDC_HEADERS 1
| #define HAVE_SYS_TYPES_H 1
| #define HAVE_SYS_STAT_H 1
| #define HAVE_STDLIB_H 1
| #define HAVE_STRING_H 1
| /* end confdefs.h.  */
| #include <stdio.h>
| #ifdef HAVE_SYS_TYPES_H
| # include <sys/types.h>
| #endif
| #ifdef HAVE_SYS_STAT_H
| # include <sys/stat.h>
| #endif
| #ifdef STDC_HEADERS
| # include <stdlib.h>
| # include <stddef.h>
| #else
| # ifdef HAVE_STDLIB_H
| #  include <stdlib.h>
| # endif
| #endif
| #ifdef HAVE_STRING_H
| # if !defined STDC_HEADERS && defined HAVE_MEMORY_H
| #  include <memory.h>
| # endif
| # include <string.h>
| #endif
| #ifdef HAVE_STRINGS_H
| # include <strings.h>
| #endif
| #ifdef HAVE_INTTYPES_H
| # include <inttypes.h>
| #endif
| #ifdef HAVE_STDINT_H
| # include <stdint.h>
| #endif
| #ifdef HAVE_UNISTD_H
| # include <unistd.h>
| #endif
| 
| #include <memory.h>
configure:7789: result: no
configure:7789: checking for strings.h
configure:7789: i386-pc-posnk-gcc -std=gnu99 -c -m32 -O2 -pedantic -fomit-frame-pointer -mtune=i386 -march=i386 -I/home/peterbjornx/nk/gcc_posnk/include -I/home/peterbjornx/nk/gcc_posnk/i386-pc-posnk/include/  conftest.c >&5
configure:7789: $? = 0
configure:7789: result: yes
configure:7789: checking for inttypes.h
configure:7789: i386-pc-posnk-gcc -std=gnu99 -c -m32 -O2 -pedantic -fomit-frame-pointer -mtune=i386 -march=i386 -I/home/peterbjornx/nk/gcc_posnk/include -I/home/peterbjornx/nk/gcc_posnk/i386-pc-posnk/include/  conftest.c >&5
configure:7789: $? = 0
configure:7789: result: yes
configure:7789: checking for stdint.h
configure:7789: i386-pc-posnk-gcc -std=gnu99 -c -m32 -O2 -pedantic -fomit-frame-pointer -mtune=i386 -march=i386 -I/home/peterbjornx/nk/gcc_posnk/include -I/home/peterbjornx/nk/gcc_posnk/i386-pc-posnk/include/  conftest.c >&5
configure:7789: $? = 0
configure:7789: result: yes
configure:7789: checking for unistd.h
configure:7789: i386-pc-posnk-gcc -std=gnu99 -c -m32 -O2 -pedantic -fomit-frame-pointer -mtune=i386 -march=i386 -I/home/peterbjornx/nk/gcc_posnk/include -I/home/peterbjornx/nk/gcc_posnk/i386-pc-posnk/include/  conftest.c >&5
configure:7789: $? = 0
configure:7789: result: yes
configure:7803: checking for dlfcn.h
configure:7803: i386-pc-posnk-gcc -std=gnu99 -c -m32 -O2 -pedantic -fomit-frame-pointer -mtune=i386 -march=i386 -I/home/peterbjornx/nk/gcc_posnk/include -I/home/peterbjornx/nk/gcc_posnk/i386-pc-posnk/include/  conftest.c >&5
conftest.c:54:19: fatal error: dlfcn.h: No such file or directory
compilation terminated.
configure:7803: $? = 1
configure: failed program was:
| /* confdefs.h */
| #define PACKAGE_NAME "mpc"
| #define PACKAGE_TARNAME "mpc"
| #define PACKAGE_VERSION "1.0.2"
| #define PACKAGE_STRING "mpc 1.0.2"
| #define PACKAGE_BUGREPORT "mpc-discuss@lists.gforge.inria.fr"
| #define PACKAGE_URL ""
| #define PACKAGE "mpc"
| #define VERSION "1.0.2"
| #define STDC_HEADERS 1
| #define HAVE_SYS_TYPES_H 1
| #define HAVE_SYS_STAT_H 1
| #define HAVE_STDLIB_H 1
| #define HAVE_STRING_H 1
| #define HAVE_STRINGS_H 1
| #define HAVE_INTTYPES_H 1
| #define HAVE_STDINT_H 1
| #define HAVE_UNISTD_H 1
| /* end confdefs.h.  */
| #include <stdio.h>
| #ifdef HAVE_SYS_TYPES_H
| # include <sys/types.h>
| #endif
| #ifdef HAVE_SYS_STAT_H
| # include <sys/stat.h>
| #endif
| #ifdef STDC_HEADERS
| # include <stdlib.h>
| # include <stddef.h>
| #else
| # ifdef HAVE_STDLIB_H
| #  include <stdlib.h>
| # endif
| #endif
| #ifdef HAVE_STRING_H
| # if !defined STDC_HEADERS && defined HAVE_MEMORY_H
| #  include <memory.h>
| # endif
| # include <string.h>
| #endif
| #ifdef HAVE_STRINGS_H
| # include <strings.h>
| #endif
| #ifdef HAVE_INTTYPES_H
| # include <inttypes.h>
| #endif
| #ifdef HAVE_STDINT_H
| # include <stdint.h>
| #endif
| #ifdef HAVE_UNISTD_H
| # include <unistd.h>
| #endif
| 
| #include <dlfcn.h>
configure:7803: result: no
configure:7990: checking for objdir
configure:8005: result: .libs
configure:8276: checking if i386-pc-posnk-gcc -std=gnu99 supports -fno-rtti -fno-exceptions
configure:8294: i386-pc-posnk-gcc -std=gnu99 -c -m32 -O2 -pedantic -fomit-frame-pointer -mtune=i386 -march=i386 -I/home/peterbjornx/nk/gcc_posnk/include -I/home/peterbjornx/nk/gcc_posnk/i386-pc-posnk/include/  -fno-rtti -fno-exceptions conftest.c >&5
cc1: warning: command line option '-fno-rtti' is valid for C++/ObjC++ but not for C [enabled by default]
configure:8298: $? = 0
configure:8311: result: no
configure:8621: checking for i386-pc-posnk-gcc -std=gnu99 option to produce PIC
configure:8628: result: -fPIC -DPIC
configure:8636: checking if i386-pc-posnk-gcc -std=gnu99 PIC flag -fPIC -DPIC works
configure:8654: i386-pc-posnk-gcc -std=gnu99 -c -m32 -O2 -pedantic -fomit-frame-pointer -mtune=i386 -march=i386 -I/home/peterbjornx/nk/gcc_posnk/include -I/home/peterbjornx/nk/gcc_posnk/i386-pc-posnk/include/  -fPIC -DPIC -DPIC conftest.c >&5
configure:8658: $? = 0
configure:8671: result: yes
configure:8700: checking if i386-pc-posnk-gcc -std=gnu99 static flag -static works
configure:8728: result: yes
configure:8743: checking if i386-pc-posnk-gcc -std=gnu99 supports -c -o file.o
configure:8764: i386-pc-posnk-gcc -std=gnu99 -c -m32 -O2 -pedantic -fomit-frame-pointer -mtune=i386 -march=i386 -I/home/peterbjornx/nk/gcc_posnk/include -I/home/peterbjornx/nk/gcc_posnk/i386-pc-posnk/include/  -o out/conftest2.o conftest.c >&5
configure:8768: $? = 0
configure:8790: result: yes
configure:8798: checking if i386-pc-posnk-gcc -std=gnu99 supports -c -o file.o
configure:8845: result: yes
configure:8878: checking whether the i386-pc-posnk-gcc -std=gnu99 linker (/home/peterbjornx/nk/gcc_posnk/i386-pc-posnk/bin/ld) supports shared libraries
configure:10040: result: yes
configure:10077: checking whether -lc should be explicitly linked in
configure:10085: i386-pc-posnk-gcc -std=gnu99 -c -m32 -O2 -pedantic -fomit-frame-pointer -mtune=i386 -march=i386 -I/home/peterbjornx/nk/gcc_posnk/include -I/home/peterbjornx/nk/gcc_posnk/i386-pc-posnk/include/  conftest.c >&5
configure:10088: $? = 0
configure:10103: i386-pc-posnk-gcc -std=gnu99 -shared  -fPIC -DPIC conftest.o  -v -Wl,-soname -Wl,conftest -o conftest 2\>\&1 \| /bin/grep  -lc  \>/dev/null 2\>\&1
configure:10106: $? = 1
configure:10120: result: yes
configure:10285: checking dynamic linker characteristics
configure:11034: result: no
configure:11141: checking how to hardcode library paths into programs
configure:11166: result: immediate
configure:11706: checking whether stripping libraries is possible
configure:11711: result: yes
configure:11746: checking if libtool supports shared libraries
configure:11748: result: no
configure:11751: checking whether to build shared libraries
configure:11772: result: no
configure:11775: checking whether to build static libraries
configure:11779: result: yes
configure:11816: checking for gmp.h
configure:11824: i386-pc-posnk-gcc -std=gnu99 -c -m32 -O2 -pedantic -fomit-frame-pointer -mtune=i386 -march=i386 -I/home/peterbjornx/nk/gcc_posnk/include -I/home/peterbjornx/nk/gcc_posnk/i386-pc-posnk/include/  conftest.c >&5
configure:11824: $? = 0
configure:11825: result: yes
configure:12844: checking for ANSI C header files
configure:12948: result: yes
configure:12959: checking locale.h usability
configure:12959: i386-pc-posnk-gcc -std=gnu99 -c -m32 -O2 -pedantic -fomit-frame-pointer -mtune=i386 -march=i386 -I/home/peterbjornx/nk/gcc_posnk/include -I/home/peterbjornx/nk/gcc_posnk/i386-pc-posnk/include/  conftest.c >&5
configure:12959: $? = 0
configure:12959: result: yes
configure:12959: checking locale.h presence
configure:12959: i386-pc-posnk-gcc -std=gnu99 -E -I/home/peterbjornx/nk/gcc_posnk/include -I/home/peterbjornx/nk/gcc_posnk/i386-pc-posnk/include/  conftest.c
configure:12959: $? = 0
configure:12959: result: yes
configure:12959: checking for locale.h
configure:12959: result: yes
configure:12959: checking for inttypes.h
configure:12959: result: yes
configure:12959: checking for stdint.h
configure:12959: result: yes
configure:12959: checking limits.h usability
configure:12959: i386-pc-posnk-gcc -std=gnu99 -c -m32 -O2 -pedantic -fomit-frame-pointer -mtune=i386 -march=i386 -I/home/peterbjornx/nk/gcc_posnk/include -I/home/peterbjornx/nk/gcc_posnk/i386-pc-posnk/include/  conftest.c >&5
configure:12959: $? = 0
configure:12959: result: yes
configure:12959: checking limits.h presence
configure:12959: i386-pc-posnk-gcc -std=gnu99 -E -I/home/peterbjornx/nk/gcc_posnk/include -I/home/peterbjornx/nk/gcc_posnk/i386-pc-posnk/include/  conftest.c
configure:12959: $? = 0
configure:12959: result: yes
configure:12959: checking for limits.h
configure:12959: result: yes
configure:12959: checking for unistd.h
configure:12959: result: yes
configure:12959: checking sys/time.h usability
configure:12959: i386-pc-posnk-gcc -std=gnu99 -c -m32 -O2 -pedantic -fomit-frame-pointer -mtune=i386 -march=i386 -I/home/peterbjornx/nk/gcc_posnk/include -I/home/peterbjornx/nk/gcc_posnk/i386-pc-posnk/include/  conftest.c >&5
configure:12959: $? = 0
configure:12959: result: yes
configure:12959: checking sys/time.h presence
configure:12959: i386-pc-posnk-gcc -std=gnu99 -E -I/home/peterbjornx/nk/gcc_posnk/include -I/home/peterbjornx/nk/gcc_posnk/i386-pc-posnk/include/  conftest.c
configure:12959: $? = 0
configure:12959: result: yes
configure:12959: checking for sys/time.h
configure:12959: result: yes
configure:12969: checking whether time.h and sys/time.h may both be included
configure:12989: i386-pc-posnk-gcc -std=gnu99 -c -m32 -O2 -pedantic -fomit-frame-pointer -mtune=i386 -march=i386 -I/home/peterbjornx/nk/gcc_posnk/include -I/home/peterbjornx/nk/gcc_posnk/i386-pc-posnk/include/  conftest.c >&5
configure:12989: $? = 0
configure:12996: result: yes
configure:13005: checking complex.h usability
configure:13005: i386-pc-posnk-gcc -std=gnu99 -c -m32 -O2 -pedantic -fomit-frame-pointer -mtune=i386 -march=i386 -I/home/peterbjornx/nk/gcc_posnk/include -I/home/peterbjornx/nk/gcc_posnk/i386-pc-posnk/include/  conftest.c >&5
configure:13005: $? = 0
configure:13005: result: yes
configure:13005: checking complex.h presence
configure:13005: i386-pc-posnk-gcc -std=gnu99 -E -I/home/peterbjornx/nk/gcc_posnk/include -I/home/peterbjornx/nk/gcc_posnk/i386-pc-posnk/include/  conftest.c
configure:13005: $? = 0
configure:13005: result: yes
configure:13005: checking for complex.h
configure:13005: result: yes
configure:13010: checking for library containing creal
configure:13041: i386-pc-posnk-gcc -std=gnu99 -o conftest -m32 -O2 -pedantic -fomit-frame-pointer -mtune=i386 -march=i386 -I/home/peterbjornx/nk/gcc_posnk/include -I/home/peterbjornx/nk/gcc_posnk/i386-pc-posnk/include/   conftest.c  >&5
conftest.c:36:6: warning: conflicting types for built-in function 'creal' [enabled by default]
/tmp/cc8wR0PX.o: In function `main':
conftest.c:(.text.startup+0x7): undefined reference to `creal'
collect2: error: ld returned 1 exit status
configure:13041: $? = 1
configure: failed program was:
| /* confdefs.h */
| #define PACKAGE_NAME "mpc"
| #define PACKAGE_TARNAME "mpc"
| #define PACKAGE_VERSION "1.0.2"
| #define PACKAGE_STRING "mpc 1.0.2"
| #define PACKAGE_BUGREPORT "mpc-discuss@lists.gforge.inria.fr"
| #define PACKAGE_URL ""
| #define PACKAGE "mpc"
| #define VERSION "1.0.2"
| #define STDC_HEADERS 1
| #define HAVE_SYS_TYPES_H 1
| #define HAVE_SYS_STAT_H 1
| #define HAVE_STDLIB_H 1
| #define HAVE_STRING_H 1
| #define HAVE_STRINGS_H 1
| #define HAVE_INTTYPES_H 1
| #define HAVE_STDINT_H 1
| #define HAVE_UNISTD_H 1
| #define LT_OBJDIR ".libs/"
| #define STDC_HEADERS 1
| #define HAVE_LOCALE_H 1
| #define HAVE_INTTYPES_H 1
| #define HAVE_STDINT_H 1
| #define HAVE_LIMITS_H 1
| #define HAVE_UNISTD_H 1
| #define HAVE_SYS_TIME_H 1
| #define TIME_WITH_SYS_TIME 1
| /* end confdefs.h.  */
| 
| /* Override any GCC internal prototype to avoid an error.
|    Use char because int might match the return type of a GCC
|    builtin and then its argument prototype would still apply.  */
| #ifdef __cplusplus
| extern "C"
| #endif
| char creal ();
| int
| main ()
| {
| return creal ();
|   ;
|   return 0;
| }
configure:13041: i386-pc-posnk-gcc -std=gnu99 -o conftest -m32 -O2 -pedantic -fomit-frame-pointer -mtune=i386 -march=i386 -I/home/peterbjornx/nk/gcc_posnk/include -I/home/peterbjornx/nk/gcc_posnk/i386-pc-posnk/include/   conftest.c -lm   >&5
conftest.c:36:6: warning: conflicting types for built-in function 'creal' [enabled by default]
configure:13041: $? = 0
configure:13058: result: -lm
configure:13067: checking whether creal, cimag and I can be used
configure:13084: i386-pc-posnk-gcc -std=gnu99 -o conftest -m32 -O2 -pedantic -fomit-frame-pointer -mtune=i386 -march=i386 -I/home/peterbjornx/nk/gcc_posnk/include -I/home/peterbjornx/nk/gcc_posnk/i386-pc-posnk/include/   conftest.c -lm  >&5
conftest.c: In function 'main':
conftest.c:34:32: warning: imaginary constants are a GCC extension [enabled by default]
configure:13084: $? = 0
configure:13086: result: yes
configure:13109: checking for an ANSI C-conforming const
configure:13175: i386-pc-posnk-gcc -std=gnu99 -c -m32 -O2 -pedantic -fomit-frame-pointer -mtune=i386 -march=i386 -I/home/peterbjornx/nk/gcc_posnk/include -I/home/peterbjornx/nk/gcc_posnk/i386-pc-posnk/include/  conftest.c >&5
configure:13175: $? = 0
configure:13182: result: yes
configure:13190: checking for size_t
configure:13190: i386-pc-posnk-gcc -std=gnu99 -c -m32 -O2 -pedantic -fomit-frame-pointer -mtune=i386 -march=i386 -I/home/peterbjornx/nk/gcc_posnk/include -I/home/peterbjornx/nk/gcc_posnk/i386-pc-posnk/include/  conftest.c >&5
configure:13190: $? = 0
configure:13190: i386-pc-posnk-gcc -std=gnu99 -c -m32 -O2 -pedantic -fomit-frame-pointer -mtune=i386 -march=i386 -I/home/peterbjornx/nk/gcc_posnk/include -I/home/peterbjornx/nk/gcc_posnk/i386-pc-posnk/include/  conftest.c >&5
conftest.c: In function 'main':
conftest.c:66:21: error: expected expression before ')' token
configure:13190: $? = 1
configure: failed program was:
| /* confdefs.h */
| #define PACKAGE_NAME "mpc"
| #define PACKAGE_TARNAME "mpc"
| #define PACKAGE_VERSION "1.0.2"
| #define PACKAGE_STRING "mpc 1.0.2"
| #define PACKAGE_BUGREPORT "mpc-discuss@lists.gforge.inria.fr"
| #define PACKAGE_URL ""
| #define PACKAGE "mpc"
| #define VERSION "1.0.2"
| #define STDC_HEADERS 1
| #define HAVE_SYS_TYPES_H 1
| #define HAVE_SYS_STAT_H 1
| #define HAVE_STDLIB_H 1
| #define HAVE_STRING_H 1
| #define HAVE_STRINGS_H 1
| #define HAVE_INTTYPES_H 1
| #define HAVE_STDINT_H 1
| #define HAVE_UNISTD_H 1
| #define LT_OBJDIR ".libs/"
| #define STDC_HEADERS 1
| #define HAVE_LOCALE_H 1
| #define HAVE_INTTYPES_H 1
| #define HAVE_STDINT_H 1
| #define HAVE_LIMITS_H 1
| #define HAVE_UNISTD_H 1
| #define HAVE_SYS_TIME_H 1
| #define TIME_WITH_SYS_TIME 1
| #define HAVE_COMPLEX_H 1
| /* end confdefs.h.  */
| #include <stdio.h>
| #ifdef HAVE_SYS_TYPES_H
| # include <sys/types.h>
| #endif
| #ifdef HAVE_SYS_STAT_H
| # include <sys/stat.h>
| #endif
| #ifdef STDC_HEADERS
| # include <stdlib.h>
| # include <stddef.h>
| #else
| # ifdef HAVE_STDLIB_H
| #  include <stdlib.h>
| # endif
| #endif
| #ifdef HAVE_STRING_H
| # if !defined STDC_HEADERS && defined HAVE_MEMORY_H
| #  include <memory.h>
| # endif
| # include <string.h>
| #endif
| #ifdef HAVE_STRINGS_H
| # include <strings.h>
| #endif
| #ifdef HAVE_INTTYPES_H
| # include <inttypes.h>
| #endif
| #ifdef HAVE_STDINT_H
| # include <stdint.h>
| #endif
| #ifdef HAVE_UNISTD_H
| # include <unistd.h>
| #endif
| int
| main ()
| {
| if (sizeof ((size_t)))
| 	    return 0;
|   ;
|   return 0;
| }
configure:13190: result: yes
configure:13206: checking for gettimeofday
configure:13206: i386-pc-posnk-gcc -std=gnu99 -o conftest -m32 -O2 -pedantic -fomit-frame-pointer -mtune=i386 -march=i386 -I/home/peterbjornx/nk/gcc_posnk/include -I/home/peterbjornx/nk/gcc_posnk/i386-pc-posnk/include/   conftest.c -lm  >&5
configure:13206: $? = 0
configure:13206: result: yes
configure:13206: checking for localeconv
configure:13206: i386-pc-posnk-gcc -std=gnu99 -o conftest -m32 -O2 -pedantic -fomit-frame-pointer -mtune=i386 -march=i386 -I/home/peterbjornx/nk/gcc_posnk/include -I/home/peterbjornx/nk/gcc_posnk/i386-pc-posnk/include/   conftest.c -lm  >&5
configure:13206: $? = 0
configure:13206: result: yes
configure:13206: checking for setlocale
configure:13206: i386-pc-posnk-gcc -std=gnu99 -o conftest -m32 -O2 -pedantic -fomit-frame-pointer -mtune=i386 -march=i386 -I/home/peterbjornx/nk/gcc_posnk/include -I/home/peterbjornx/nk/gcc_posnk/i386-pc-posnk/include/   conftest.c -lm  >&5
configure:13206: $? = 0
configure:13206: result: yes
configure:13218: checking for dup
configure:13218: i386-pc-posnk-gcc -std=gnu99 -o conftest -m32 -O2 -pedantic -fomit-frame-pointer -mtune=i386 -march=i386 -I/home/peterbjornx/nk/gcc_posnk/include -I/home/peterbjornx/nk/gcc_posnk/i386-pc-posnk/include/   conftest.c -lm  >&5
/tmp/ccJMVePh.o: In function `main':
conftest.c:(.text.startup+0x7): undefined reference to `dup'
collect2: error: ld returned 1 exit status
configure:13218: $? = 1
configure: failed program was:
| /* confdefs.h */
| #define PACKAGE_NAME "mpc"
| #define PACKAGE_TARNAME "mpc"
| #define PACKAGE_VERSION "1.0.2"
| #define PACKAGE_STRING "mpc 1.0.2"
| #define PACKAGE_BUGREPORT "mpc-discuss@lists.gforge.inria.fr"
| #define PACKAGE_URL ""
| #define PACKAGE "mpc"
| #define VERSION "1.0.2"
| #define STDC_HEADERS 1
| #define HAVE_SYS_TYPES_H 1
| #define HAVE_SYS_STAT_H 1
| #define HAVE_STDLIB_H 1
| #define HAVE_STRING_H 1
| #define HAVE_STRINGS_H 1
| #define HAVE_INTTYPES_H 1
| #define HAVE_STDINT_H 1
| #define HAVE_UNISTD_H 1
| #define LT_OBJDIR ".libs/"
| #define STDC_HEADERS 1
| #define HAVE_LOCALE_H 1
| #define HAVE_INTTYPES_H 1
| #define HAVE_STDINT_H 1
| #define HAVE_LIMITS_H 1
| #define HAVE_UNISTD_H 1
| #define HAVE_SYS_TIME_H 1
| #define TIME_WITH_SYS_TIME 1
| #define HAVE_COMPLEX_H 1
| #define HAVE_GETTIMEOFDAY 1
| #define HAVE_LOCALECONV 1
| #define HAVE_SETLOCALE 1
| /* end confdefs.h.  */
| /* Define dup to an innocuous variant, in case <limits.h> declares dup.
|    For example, HP-UX 11i <limits.h> declares gettimeofday.  */
| #define dup innocuous_dup
| 
| /* System header to define __stub macros and hopefully few prototypes,
|     which can conflict with char dup (); below.
|     Prefer <limits.h> to <assert.h> if __STDC__ is defined, since
|     <limits.h> exists even on freestanding compilers.  */
| 
| #ifdef __STDC__
| # include <limits.h>
| #else
| # include <assert.h>
| #endif
| 
| #undef dup
| 
| /* Override any GCC internal prototype to avoid an error.
|    Use char because int might match the return type of a GCC
|    builtin and then its argument prototype would still apply.  */
| #ifdef __cplusplus
| extern "C"
| #endif
| char dup ();
| /* The GNU C library defines this for functions which it implements
|     to always fail with ENOSYS.  Some functions are actually named
|     something starting with __ and the normal name is an alias.  */
| #if defined __stub_dup || defined __stub___dup
| choke me
| #endif
| 
| int
| main ()
| {
| return dup ();
|   ;
|   return 0;
| }
configure:13218: result: no
configure:13218: checking for dup2
configure:13218: i386-pc-posnk-gcc -std=gnu99 -o conftest -m32 -O2 -pedantic -fomit-frame-pointer -mtune=i386 -march=i386 -I/home/peterbjornx/nk/gcc_posnk/include -I/home/peterbjornx/nk/gcc_posnk/i386-pc-posnk/include/   conftest.c -lm  >&5
configure:13218: $? = 0
configure:13218: result: yes
configure:13232: checking for __gmpz_init in -lgmp
configure:13257: i386-pc-posnk-gcc -std=gnu99 -o conftest -m32 -O2 -pedantic -fomit-frame-pointer -mtune=i386 -march=i386 -I/home/peterbjornx/nk/gcc_posnk/include -I/home/peterbjornx/nk/gcc_posnk/i386-pc-posnk/include/   conftest.c -lgmp  -lm  >&5
configure:13257: $? = 0
configure:13266: result: yes
configure:13275: checking for MPFR
configure:13290: i386-pc-posnk-gcc -std=gnu99 -o conftest -m32 -O2 -pedantic -fomit-frame-pointer -mtune=i386 -march=i386 -I/home/peterbjornx/nk/gcc_posnk/include -I/home/peterbjornx/nk/gcc_posnk/i386-pc-posnk/include/   conftest.c -lmpfr -lgmp -lm  >&5
configure:13290: $? = 0
configure:13291: result: yes
configure:13309: checking for recent GMP
configure:13321: i386-pc-posnk-gcc -std=gnu99 -c -m32 -O2 -pedantic -fomit-frame-pointer -mtune=i386 -march=i386 -I/home/peterbjornx/nk/gcc_posnk/include -I/home/peterbjornx/nk/gcc_posnk/i386-pc-posnk/include/  conftest.c >&5
configure:13321: $? = 0
configure:13322: result: yes
configure:13336: checking for recent MPFR
configure:13348: i386-pc-posnk-gcc -std=gnu99 -c -m32 -O2 -pedantic -fomit-frame-pointer -mtune=i386 -march=i386 -I/home/peterbjornx/nk/gcc_posnk/include -I/home/peterbjornx/nk/gcc_posnk/i386-pc-posnk/include/  conftest.c >&5
configure:13348: $? = 0
configure:13349: result: yes
configure:13870: checking if gcc accepts -dumpversion option
configure:13895: cat conftest.c 1>&5
int main()
{
	return 0;
}
configure:13898: $? = 0
configure:13902: i386-pc-posnk-gcc -std=gnu99  -dumpversion -c conftest.c 1>&5
4.7.2
configure:13905: $? = 0
configure:13908: result: yes
configure:13935: checking gcc version
configure:13949: result: 4.7.2
configure:14139: checking that generated files are newer than configure
configure:14145: result: done
configure:14172: creating ./config.status

## ---------------------- ##
## Running config.status. ##
## ---------------------- ##

This file was extended by mpc config.status 1.0.2, which was
generated by GNU Autoconf 2.69.  Invocation command line was

  CONFIG_FILES    = 
  CONFIG_HEADERS  = 
  CONFIG_LINKS    = 
  CONFIG_COMMANDS = 
  $ ./config.status 

on Peterbjornx-PC

config.status:1102: creating Makefile
config.status:1102: creating src/Makefile
config.status:1102: creating tests/Makefile
config.status:1102: creating doc/Makefile
config.status:1102: creating config.h
config.status:1331: executing depfiles commands
config.status:1331: executing libtool commands

## ---------------- ##
## Cache variables. ##
## ---------------- ##

ac_cv_build=x86_64-pc-linux-gnu
ac_cv_c_compiler_gnu=yes
ac_cv_c_const=yes
ac_cv_env_CC_set=
ac_cv_env_CC_value=
ac_cv_env_CFLAGS_set=
ac_cv_env_CFLAGS_value=
ac_cv_env_CPPFLAGS_set=
ac_cv_env_CPPFLAGS_value=
ac_cv_env_CPP_set=
ac_cv_env_CPP_value=
ac_cv_env_LDFLAGS_set=
ac_cv_env_LDFLAGS_value=
ac_cv_env_LIBS_set=
ac_cv_env_LIBS_value=
ac_cv_env_build_alias_set=set
ac_cv_env_build_alias_value=x86_64-pc-linux
ac_cv_env_host_alias_set=set
ac_cv_env_host_alias_value=i386-pc-posnk
ac_cv_env_target_alias_set=set
ac_cv_env_target_alias_value=i386-pc-posnk
ac_cv_func_dup2=yes
ac_cv_func_dup=no
ac_cv_func_gettimeofday=yes
ac_cv_func_localeconv=yes
ac_cv_func_setlocale=yes
ac_cv_header_complex_h=yes
ac_cv_header_dlfcn_h=no
ac_cv_header_inttypes_h=yes
ac_cv_header_limits_h=yes
ac_cv_header_locale_h=yes
ac_cv_header_memory_h=no
ac_cv_header_stdc=yes
ac_cv_header_stdint_h=yes
ac_cv_header_stdlib_h=yes
ac_cv_header_string_h=yes
ac_cv_header_strings_h=yes
ac_cv_header_sys_stat_h=yes
ac_cv_header_sys_time_h=yes
ac_cv_header_sys_types_h=yes
ac_cv_header_time=yes
ac_cv_header_unistd_h=yes
ac_cv_host=i386-pc-posnk
ac_cv_lib_gmp___gmpz_init=yes
ac_cv_objext=o
ac_cv_path_EGREP='/bin/grep -E'
ac_cv_path_FGREP='/bin/grep -F'
ac_cv_path_GREP=/bin/grep
ac_cv_path_SED=/bin/sed
ac_cv_path_install='/usr/bin/install -c'
ac_cv_path_mkdir=/bin/mkdir
ac_cv_prog_AR=i386-pc-posnk-ar
ac_cv_prog_AWK=gawk
ac_cv_prog_CC='i386-pc-posnk-gcc -std=gnu99'
ac_cv_prog_CPP='i386-pc-posnk-gcc -std=gnu99 -E'
ac_cv_prog_OBJDUMP=i386-pc-posnk-objdump
ac_cv_prog_RANLIB=i386-pc-posnk-ranlib
ac_cv_prog_STRIP=i386-pc-posnk-strip
ac_cv_prog_ac_ct_MANIFEST_TOOL=mt
ac_cv_prog_cc_c89=
ac_cv_prog_cc_g=yes
ac_cv_prog_make_make_set=yes
ac_cv_search_creal=-lm
ac_cv_type_size_t=yes
am_cv_CC_dependencies_compiler_type=gcc3
am_cv_ar_interface=ar
ax_cv_gcc_version=4.7.2
lt_cv_ar_at_file=@
lt_cv_archive_cmds_need_lc=yes
lt_cv_deplibs_check_method=unknown
lt_cv_file_magic_cmd='$MAGIC_CMD'
lt_cv_file_magic_test_file=
lt_cv_ld_reload_flag=-r
lt_cv_nm_interface='BSD nm'
lt_cv_objdir=.libs
lt_cv_path_LD=/home/peterbjornx/nk/gcc_posnk/i386-pc-posnk/bin/ld
lt_cv_path_NM='/home/peterbjornx/nk/gcc_posnk/bin/i386-pc-posnk-nm -B'
lt_cv_path_mainfest_tool=no
lt_cv_prog_compiler_c_o=yes
lt_cv_prog_compiler_pic='-fPIC -DPIC'
lt_cv_prog_compiler_pic_works=yes
lt_cv_prog_compiler_rtti_exceptions=no
lt_cv_prog_compiler_static_works=yes
lt_cv_prog_gnu_ld=yes
lt_cv_sharedlib_from_linklib_cmd='printf %s\n'
lt_cv_sys_global_symbol_pipe='sed -n -e '\''s/^.*[	 ]\([ABCDGIRSTW][ABCDGIRSTW]*\)[	 ][	 ]*\([_A-Za-z][_A-Za-z0-9]*\)$/\1 \2 \2/p'\'' | sed '\''/ __gnu_lto/d'\'''
lt_cv_sys_global_symbol_to_c_name_address='sed -n -e '\''s/^: \([^ ]*\)[ ]*$/  {\"\1\", (void *) 0},/p'\'' -e '\''s/^[ABCDGIRSTW]* \([^ ]*\) \([^ ]*\)$/  {"\2", (void *) \&\2},/p'\'''
lt_cv_sys_global_symbol_to_c_name_address_lib_prefix='sed -n -e '\''s/^: \([^ ]*\)[ ]*$/  {\"\1\", (void *) 0},/p'\'' -e '\''s/^[ABCDGIRSTW]* \([^ ]*\) \(lib[^ ]*\)$/  {"\2", (void *) \&\2},/p'\'' -e '\''s/^[ABCDGIRSTW]* \([^ ]*\) \([^ ]*\)$/  {"lib\2", (void *) \&\2},/p'\'''
lt_cv_sys_global_symbol_to_cdecl='sed -n -e '\''s/^T .* \(.*\)$/extern int \1();/p'\'' -e '\''s/^[ABCDGIRSTW]* .* \(.*\)$/extern char \1;/p'\'''
lt_cv_sys_max_cmd_len=1572864
lt_cv_to_host_file_cmd=func_convert_file_noop
lt_cv_to_tool_file_cmd=func_convert_file_noop

## ----------------- ##
## Output variables. ##
## ----------------- ##

ACLOCAL='${SHELL} /home/peterbjornx/nk/nkgcc/mpc-1.0.2/missing --run aclocal-1.12'
AMDEPBACKSLASH='\'
AMDEP_FALSE='#'
AMDEP_TRUE=''
AMTAR='$${TAR-tar}'
AR='i386-pc-posnk-ar'
AS='as'
AUTOCONF='${SHELL} /home/peterbjornx/nk/nkgcc/mpc-1.0.2/missing --run autoconf'
AUTOHEADER='${SHELL} /home/peterbjornx/nk/nkgcc/mpc-1.0.2/missing --run autoheader'
AUTOMAKE='${SHELL} /home/peterbjornx/nk/nkgcc/mpc-1.0.2/missing --run automake-1.12'
AWK='gawk'
CC='i386-pc-posnk-gcc -std=gnu99'
CCDEPMODE='depmode=gcc3'
CFLAGS='-m32 -O2 -pedantic -fomit-frame-pointer -mtune=i386 -march=i386'
CPP='i386-pc-posnk-gcc -std=gnu99 -E'
CPPFLAGS='-I/home/peterbjornx/nk/gcc_posnk/include -I/home/peterbjornx/nk/gcc_posnk/i386-pc-posnk/include/ '
CYGPATH_W='echo'
DEFS='-DHAVE_CONFIG_H'
DEPDIR='.deps'
DLLTOOL='false'
DSYMUTIL=''
DUMPBIN=''
ECHO_C=''
ECHO_N='-n'
ECHO_T=''
EGREP='/bin/grep -E'
EXEEXT=''
FGREP='/bin/grep -F'
GCC_VERSION='4.7.2'
GREP='/bin/grep'
HASSVNVERSION=''
INSTALL_DATA='${INSTALL} -m 644'
INSTALL_PROGRAM='${INSTALL}'
INSTALL_SCRIPT='${INSTALL}'
INSTALL_STRIP_PROGRAM='$(install_sh) -c -s'
LD='/home/peterbjornx/nk/gcc_posnk/i386-pc-posnk/bin/ld'
LDFLAGS=''
LIBOBJS=''
LIBS='-lmpfr -lgmp -lm '
LIBTOOL='$(SHELL) $(top_builddir)/libtool'
LIPO=''
LN_S='ln -s'
LTLIBOBJS=''
MAINT='#'
MAINTAINER_MODE_FALSE=''
MAINTAINER_MODE_TRUE='#'
MAKEINFO='${SHELL} /home/peterbjornx/nk/nkgcc/mpc-1.0.2/missing --run makeinfo'
MANIFEST_TOOL=':'
MKDIR_P='/bin/mkdir -p'
MPC_LDFLAGS=''
MPC_LOG_H=''
NM='/home/peterbjornx/nk/gcc_posnk/bin/i386-pc-posnk-nm -B'
NMEDIT=''
OBJDUMP='i386-pc-posnk-objdump'
OBJEXT='o'
OTOOL64=''
OTOOL=''
PACKAGE='mpc'
PACKAGE_BUGREPORT='mpc-discuss@lists.gforge.inria.fr'
PACKAGE_NAME='mpc'
PACKAGE_STRING='mpc 1.0.2'
PACKAGE_TARNAME='mpc'
PACKAGE_URL=''
PACKAGE_VERSION='1.0.2'
PATH_SEPARATOR=':'
RANLIB='i386-pc-posnk-ranlib'
SED='/bin/sed'
SET_MAKE=''
SHELL='/bin/bash'
STRIP='i386-pc-posnk-strip'
SVNVERSION=''
VALGRIND=''
VERSION='1.0.2'
ac_ct_AR=''
ac_ct_CC=''
ac_ct_DUMPBIN=''
am__EXEEXT_FALSE=''
am__EXEEXT_TRUE='#'
am__fastdepCC_FALSE='#'
am__fastdepCC_TRUE=''
am__include='include'
am__isrc=''
am__leading_dot='.'
am__nodep='_no'
am__quote=''
am__tar='$${TAR-tar} chof - "$$tardir"'
am__untar='$${TAR-tar} xf -'
bindir='${exec_prefix}/bin'
build='x86_64-pc-linux-gnu'
build_alias='x86_64-pc-linux'
build_cpu='x86_64'
build_os='linux-gnu'
build_vendor='pc'
datadir='${datarootdir}'
datarootdir='${prefix}/share'
docdir='${datarootdir}/doc/${PACKAGE_TARNAME}'
dvidir='${docdir}'
exec_prefix='${prefix}'
host='i386-pc-posnk'
host_alias='i386-pc-posnk'
host_cpu='i386'
host_os='posnk'
host_vendor='pc'
htmldir='${docdir}'
includedir='${prefix}/include'
infodir='${datarootdir}/info'
install_sh='${SHELL} /home/peterbjornx/nk/nkgcc/mpc-1.0.2/install-sh'
libdir='${exec_prefix}/lib'
libexecdir='${exec_prefix}/libexec'
localedir='${datarootdir}/locale'
localstatedir='${prefix}/var'
mandir='${datarootdir}/man'
mkdir_p='$(MKDIR_P)'
oldincludedir='/usr/include'
pdfdir='${docdir}'
prefix='/home/peterbjornx/nk/gcc_posnk/i386-pc-posnk'
program_transform_name='s,x,x,'
psdir='${docdir}'
sbindir='${exec_prefix}/sbin'
sharedstatedir='${prefix}/com'
sysconfdir='${prefix}/etc'
target_alias='i386-pc-posnk'

## ----------- ##
## confdefs.h. ##
## ----------- ##

/* confdefs.h */
#define PACKAGE_NAME "mpc"
#define PACKAGE_TARNAME "mpc"
#define PACKAGE_VERSION "1.0.2"
#define PACKAGE_STRING "mpc 1.0.2"
#define PACKAGE_BUGREPORT "mpc-discuss@lists.gforge.inria.fr"
#define PACKAGE_URL ""
#define PACKAGE "mpc"
#define VERSION "1.0.2"
#define STDC_HEADERS 1
#define HAVE_SYS_TYPES_H 1
#define HAVE_SYS_STAT_H 1
#define HAVE_STDLIB_H 1
#define HAVE_STRING_H 1
#define HAVE_STRINGS_H 1
#define HAVE_INTTYPES_H 1
#define HAVE_STDINT_H 1
#define HAVE_UNISTD_H 1
#define LT_OBJDIR ".libs/"
#define STDC_HEADERS 1
#define HAVE_LOCALE_H 1
#define HAVE_INTTYPES_H 1
#define HAVE_STDINT_H 1
#define HAVE_LIMITS_H 1
#define HAVE_UNISTD_H 1
#define HAVE_SYS_TIME_H 1
#define TIME_WITH_SYS_TIME 1
#define HAVE_COMPLEX_H 1
#define HAVE_GETTIMEOFDAY 1
#define HAVE_LOCALECONV 1
#define HAVE_SETLOCALE 1
#define MPC_NO_STREAM_REDIRECTION 1
#define HAVE_DUP2 1
#define MPC_GCC "yes"
#define MPC_CC "i386-pc-posnk-gcc -std=gnu99"
#define MPC_GCC_VERSION "4.7.2"

configure: exit 0
