This file contains any messages produced by compilers while
running configure, to aid debugging if configure makes a mistake.

It was created by MPFR configure 3.1.2, which was
generated by GNU Autoconf 2.69.  Invocation command line was

  $ ./configure --host=i386-pc-posnk --build=x86_64-pc-linux --prefix=/home/peterbjornx/nk/gcc_posnk/i386-pc-posnk --target=i386-pc-posnk --with-gmp-include=/home/peterbjornx/nk/gcc_posnk/include

## --------- ##
## Platform. ##
## --------- ##

hostname = Peterbjornx-PC
uname -m = x86_64
uname -r = 3.2.0-4-amd64
uname -s = Linux
uname -v = #1 SMP Debian 3.2.41-2

/usr/bin/uname -p = unknown
/bin/uname -X     = unknown

/bin/arch              = unknown
/usr/bin/arch -k       = unknown
/usr/convex/getsysinfo = unknown
/usr/bin/hostinfo      = unknown
/bin/machine           = unknown
/usr/bin/oslevel       = unknown
/bin/universe          = unknown

PATH: /usr/local/bin
PATH: /usr/bin
PATH: /bin
PATH: /usr/local/games
PATH: /usr/games
PATH: /usr/bin
PATH: /opt/standalone/bin
PATH: /home/peterbjornx/nk/gcc_posnk/bin


## ----------- ##
## Core tests. ##
## ----------- ##

configure:2558: checking for a BSD-compatible install
configure:2626: result: /usr/bin/install -c
configure:2637: checking whether build environment is sane
configure:2687: result: yes
configure:2736: checking for i386-pc-posnk-strip
configure:2752: found /home/peterbjornx/nk/gcc_posnk/bin/i386-pc-posnk-strip
configure:2763: result: i386-pc-posnk-strip
configure:2828: checking for a thread-safe mkdir -p
configure:2867: result: /bin/mkdir -p
configure:2880: checking for gawk
configure:2896: found /usr/bin/gawk
configure:2907: result: gawk
configure:2918: checking whether make sets $(MAKE)
configure:2940: result: yes
configure:3012: checking whether to enable maintainer-specific portions of Makefiles
configure:3021: result: yes
configure:3044: checking build system type
configure:3058: result: x86_64-pc-linux-gnu
configure:3078: checking host system type
configure:3091: result: i386-pc-posnk
configure:3112: checking for grep that handles long lines and -e
configure:3170: result: /bin/grep
configure:3175: checking for egrep
configure:3237: result: /bin/grep -E
configure:3242: checking for a sed that does not truncate output
configure:3306: result: /bin/sed
configure:3537: checking for i386-pc-posnk-gcc
configure:3553: found /home/peterbjornx/nk/gcc_posnk/bin/i386-pc-posnk-gcc
configure:3564: result: i386-pc-posnk-gcc
configure:3833: checking for C compiler version
configure:3842: i386-pc-posnk-gcc --version >&5
i386-pc-posnk-gcc (GCC) 4.7.2
Copyright (C) 2012 Free Software Foundation, Inc.
This is free software; see the source for copying conditions.  There is NO
warranty; not even for MERCHANTABILITY or FITNESS FOR A PARTICULAR PURPOSE.

configure:3853: $? = 0
configure:3842: i386-pc-posnk-gcc -v >&5
Using built-in specs.
COLLECT_GCC=i386-pc-posnk-gcc
COLLECT_LTO_WRAPPER=/home/peterbjornx/nk/gcc_posnk/libexec/gcc/i386-pc-posnk/4.7.2/lto-wrapper
Target: i386-pc-posnk
Configured with: ../gcc-4.7.2/configure --target=i386-pc-posnk --prefix=/home/peterbjornx/nk/gcc_posnk
Thread model: single
gcc version 4.7.2 (GCC) 
configure:3853: $? = 0
configure:3842: i386-pc-posnk-gcc -V >&5
i386-pc-posnk-gcc: error: unrecognized command line option '-V'
i386-pc-posnk-gcc: fatal error: no input files
compilation terminated.
configure:3853: $? = 1
configure:3842: i386-pc-posnk-gcc -qversion >&5
i386-pc-posnk-gcc: error: unrecognized command line option '-qversion'
i386-pc-posnk-gcc: fatal error: no input files
compilation terminated.
configure:3853: $? = 1
configure:3873: checking whether the C compiler works
configure:3895: i386-pc-posnk-gcc   -I/home/peterbjornx/nk/gcc_posnk/include  conftest.c  >&5
configure:3899: $? = 0
configure:3947: result: yes
configure:3950: checking for C compiler default output file name
configure:3952: result: a.out
configure:3958: checking for suffix of executables
configure:3965: i386-pc-posnk-gcc -o conftest   -I/home/peterbjornx/nk/gcc_posnk/include  conftest.c  >&5
configure:3969: $? = 0
configure:3991: result: 
configure:4013: checking whether we are cross compiling
configure:4051: result: yes
configure:4056: checking for suffix of object files
configure:4078: i386-pc-posnk-gcc -c   -I/home/peterbjornx/nk/gcc_posnk/include conftest.c >&5
configure:4082: $? = 0
configure:4103: result: o
configure:4107: checking whether we are using the GNU C compiler
configure:4126: i386-pc-posnk-gcc -c   -I/home/peterbjornx/nk/gcc_posnk/include conftest.c >&5
configure:4126: $? = 0
configure:4135: result: yes
configure:4144: checking whether i386-pc-posnk-gcc accepts -g
configure:4164: i386-pc-posnk-gcc -c -g  -I/home/peterbjornx/nk/gcc_posnk/include conftest.c >&5
configure:4164: $? = 0
configure:4205: result: yes
configure:4222: checking for i386-pc-posnk-gcc option to accept ISO C89
configure:4285: i386-pc-posnk-gcc  -c -g -O2  -I/home/peterbjornx/nk/gcc_posnk/include conftest.c >&5
configure:4285: $? = 0
configure:4298: result: none needed
configure:4329: checking for style of include used by make
configure:4357: result: GNU
configure:4383: checking dependency style of i386-pc-posnk-gcc
configure:4494: result: gcc3
configure:4514: checking how to run the C preprocessor
configure:4545: i386-pc-posnk-gcc -E  -I/home/peterbjornx/nk/gcc_posnk/include conftest.c
configure:4545: $? = 0
configure:4559: i386-pc-posnk-gcc -E  -I/home/peterbjornx/nk/gcc_posnk/include conftest.c
conftest.c:9:28: fatal error: ac_nonexistent.h: No such file or directory
compilation terminated.
configure:4559: $? = 1
configure: failed program was:
| /* confdefs.h */
| #define PACKAGE_NAME "MPFR"
| #define PACKAGE_TARNAME "mpfr"
| #define PACKAGE_VERSION "3.1.2"
| #define PACKAGE_STRING "MPFR 3.1.2"
| #define PACKAGE_BUGREPORT ""
| #define PACKAGE_URL ""
| /* end confdefs.h.  */
| #include <ac_nonexistent.h>
configure:4584: result: i386-pc-posnk-gcc -E
configure:4604: i386-pc-posnk-gcc -E  -I/home/peterbjornx/nk/gcc_posnk/include conftest.c
configure:4604: $? = 0
configure:4618: i386-pc-posnk-gcc -E  -I/home/peterbjornx/nk/gcc_posnk/include conftest.c
conftest.c:9:28: fatal error: ac_nonexistent.h: No such file or directory
compilation terminated.
configure:4618: $? = 1
configure: failed program was:
| /* confdefs.h */
| #define PACKAGE_NAME "MPFR"
| #define PACKAGE_TARNAME "mpfr"
| #define PACKAGE_VERSION "3.1.2"
| #define PACKAGE_STRING "MPFR 3.1.2"
| #define PACKAGE_BUGREPORT ""
| #define PACKAGE_URL ""
| /* end confdefs.h.  */
| #include <ac_nonexistent.h>
configure:4757: checking for ICC
configure:4775: i386-pc-posnk-gcc -c -g -O2  -I/home/peterbjornx/nk/gcc_posnk/include conftest.c >&5
conftest.c:11:3: error: #error "ICC Not Found"
conftest.c:15:1: error: expected '=', ',', ';', 'asm' or '__attribute__' before 'int'
configure:4775: $? = 1
configure: failed program was:
| /* confdefs.h */
| #define PACKAGE_NAME "MPFR"
| #define PACKAGE_TARNAME "mpfr"
| #define PACKAGE_VERSION "3.1.2"
| #define PACKAGE_STRING "MPFR 3.1.2"
| #define PACKAGE_BUGREPORT ""
| #define PACKAGE_URL ""
| /* end confdefs.h.  */
| 
| #if !defined(__ICC)
| # error "ICC Not Found"
| error
| #endif
| 
| int
| main ()
| {
| 
|   ;
|   return 0;
| }
configure:4782: result: no
configure:4792: checking whether i386-pc-posnk-gcc and cc understand -c and -o together
configure:4823: i386-pc-posnk-gcc -c conftest.c -o conftest2.o >&5
configure:4827: $? = 0
configure:4833: i386-pc-posnk-gcc -c conftest.c -o conftest2.o >&5
configure:4837: $? = 0
configure:4848: cc -c conftest.c >&5
configure:4852: $? = 0
configure:4860: cc -c conftest.c -o conftest2.o >&5
configure:4864: $? = 0
configure:4870: cc -c conftest.c -o conftest2.o >&5
configure:4874: $? = 0
configure:4892: result: yes
configure:4952: checking for an ANSI C-conforming const
configure:5018: i386-pc-posnk-gcc -c -Wall -Wmissing-prototypes -Wpointer-arith -g -O2  -I/home/peterbjornx/nk/gcc_posnk/include conftest.c >&5
configure:5018: $? = 0
configure:5025: result: yes
configure:5033: checking for working volatile
configure:5052: i386-pc-posnk-gcc -c -Wall -Wmissing-prototypes -Wpointer-arith -g -O2  -I/home/peterbjornx/nk/gcc_posnk/include conftest.c >&5
configure:5052: $? = 0
configure:5059: result: yes
configure:5225: checking for main in -lm
configure:5244: i386-pc-posnk-gcc -o conftest -Wall -Wmissing-prototypes -Wpointer-arith -g -O2  -I/home/peterbjornx/nk/gcc_posnk/include  conftest.c -lm   >&5
configure:5244: $? = 0
configure:5253: result: yes
configure:5262: checking whether time.h and sys/time.h may both be included
configure:5282: i386-pc-posnk-gcc -c -Wall -Wmissing-prototypes -Wpointer-arith -g -O2  -I/home/peterbjornx/nk/gcc_posnk/include conftest.c >&5
configure:5282: $? = 0
configure:5289: result: yes
configure:5298: checking for ANSI C header files
configure:5318: i386-pc-posnk-gcc -c -Wall -Wmissing-prototypes -Wpointer-arith -g -O2  -I/home/peterbjornx/nk/gcc_posnk/include conftest.c >&5
configure:5318: $? = 0
configure:5402: result: yes
configure:5415: checking for sys/types.h
configure:5415: i386-pc-posnk-gcc -c -Wall -Wmissing-prototypes -Wpointer-arith -g -O2  -I/home/peterbjornx/nk/gcc_posnk/include conftest.c >&5
configure:5415: $? = 0
configure:5415: result: yes
configure:5415: checking for sys/stat.h
configure:5415: i386-pc-posnk-gcc -c -Wall -Wmissing-prototypes -Wpointer-arith -g -O2  -I/home/peterbjornx/nk/gcc_posnk/include conftest.c >&5
configure:5415: $? = 0
configure:5415: result: yes
configure:5415: checking for stdlib.h
configure:5415: i386-pc-posnk-gcc -c -Wall -Wmissing-prototypes -Wpointer-arith -g -O2  -I/home/peterbjornx/nk/gcc_posnk/include conftest.c >&5
configure:5415: $? = 0
configure:5415: result: yes
configure:5415: checking for string.h
configure:5415: i386-pc-posnk-gcc -c -Wall -Wmissing-prototypes -Wpointer-arith -g -O2  -I/home/peterbjornx/nk/gcc_posnk/include conftest.c >&5
configure:5415: $? = 0
configure:5415: result: yes
configure:5415: checking for memory.h
configure:5415: i386-pc-posnk-gcc -c -Wall -Wmissing-prototypes -Wpointer-arith -g -O2  -I/home/peterbjornx/nk/gcc_posnk/include conftest.c >&5
conftest.c:49:20: fatal error: memory.h: No such file or directory
compilation terminated.
configure:5415: $? = 1
configure: failed program was:
| /* confdefs.h */
| #define PACKAGE_NAME "MPFR"
| #define PACKAGE_TARNAME "mpfr"
| #define PACKAGE_VERSION "3.1.2"
| #define PACKAGE_STRING "MPFR 3.1.2"
| #define PACKAGE_BUGREPORT ""
| #define PACKAGE_URL ""
| #define TIME_WITH_SYS_TIME 1
| #define STDC_HEADERS 1
| #define HAVE_SYS_TYPES_H 1
| #define HAVE_SYS_STAT_H 1
| #define HAVE_STDLIB_H 1
| #define HAVE_STRING_H 1
| /* end confdefs.h.  */
| #include <stdio.h>
| #ifdef HAVE_SYS_TYPES_H
| # include <sys/types.h>
| #endif
| #ifdef HAVE_SYS_STAT_H
| # include <sys/stat.h>
| #endif
| #ifdef STDC_HEADERS
| # include <stdlib.h>
| # include <stddef.h>
| #else
| # ifdef HAVE_STDLIB_H
| #  include <stdlib.h>
| # endif
| #endif
| #ifdef HAVE_STRING_H
| # if !defined STDC_HEADERS && defined HAVE_MEMORY_H
| #  include <memory.h>
| # endif
| # include <string.h>
| #endif
| #ifdef HAVE_STRINGS_H
| # include <strings.h>
| #endif
| #ifdef HAVE_INTTYPES_H
| # include <inttypes.h>
| #endif
| #ifdef HAVE_STDINT_H
| # include <stdint.h>
| #endif
| #ifdef HAVE_UNISTD_H
| # include <unistd.h>
| #endif
| 
| #include <memory.h>
configure:5415: result: no
configure:5415: checking for strings.h
configure:5415: i386-pc-posnk-gcc -c -Wall -Wmissing-prototypes -Wpointer-arith -g -O2  -I/home/peterbjornx/nk/gcc_posnk/include conftest.c >&5
configure:5415: $? = 0
configure:5415: result: yes
configure:5415: checking for inttypes.h
configure:5415: i386-pc-posnk-gcc -c -Wall -Wmissing-prototypes -Wpointer-arith -g -O2  -I/home/peterbjornx/nk/gcc_posnk/include conftest.c >&5
configure:5415: $? = 0
configure:5415: result: yes
configure:5415: checking for stdint.h
configure:5415: i386-pc-posnk-gcc -c -Wall -Wmissing-prototypes -Wpointer-arith -g -O2  -I/home/peterbjornx/nk/gcc_posnk/include conftest.c >&5
configure:5415: $? = 0
configure:5415: result: yes
configure:5415: checking for unistd.h
configure:5415: i386-pc-posnk-gcc -c -Wall -Wmissing-prototypes -Wpointer-arith -g -O2  -I/home/peterbjornx/nk/gcc_posnk/include conftest.c >&5
configure:5415: $? = 0
configure:5415: result: yes
configure:5427: checking for size_t
configure:5427: i386-pc-posnk-gcc -c -Wall -Wmissing-prototypes -Wpointer-arith -g -O2  -I/home/peterbjornx/nk/gcc_posnk/include conftest.c >&5
configure:5427: $? = 0
configure:5427: i386-pc-posnk-gcc -c -Wall -Wmissing-prototypes -Wpointer-arith -g -O2  -I/home/peterbjornx/nk/gcc_posnk/include conftest.c >&5
conftest.c: In function 'main':
conftest.c:55:21: error: expected expression before ')' token
configure:5427: $? = 1
configure: failed program was:
| /* confdefs.h */
| #define PACKAGE_NAME "MPFR"
| #define PACKAGE_TARNAME "mpfr"
| #define PACKAGE_VERSION "3.1.2"
| #define PACKAGE_STRING "MPFR 3.1.2"
| #define PACKAGE_BUGREPORT ""
| #define PACKAGE_URL ""
| #define TIME_WITH_SYS_TIME 1
| #define STDC_HEADERS 1
| #define HAVE_SYS_TYPES_H 1
| #define HAVE_SYS_STAT_H 1
| #define HAVE_STDLIB_H 1
| #define HAVE_STRING_H 1
| #define HAVE_STRINGS_H 1
| #define HAVE_INTTYPES_H 1
| #define HAVE_STDINT_H 1
| #define HAVE_UNISTD_H 1
| /* end confdefs.h.  */
| #include <stdio.h>
| #ifdef HAVE_SYS_TYPES_H
| # include <sys/types.h>
| #endif
| #ifdef HAVE_SYS_STAT_H
| # include <sys/stat.h>
| #endif
| #ifdef STDC_HEADERS
| # include <stdlib.h>
| # include <stddef.h>
| #else
| # ifdef HAVE_STDLIB_H
| #  include <stdlib.h>
| # endif
| #endif
| #ifdef HAVE_STRING_H
| # if !defined STDC_HEADERS && defined HAVE_MEMORY_H
| #  include <memory.h>
| # endif
| # include <string.h>
| #endif
| #ifdef HAVE_STRINGS_H
| # include <strings.h>
| #endif
| #ifdef HAVE_INTTYPES_H
| # include <inttypes.h>
| #endif
| #ifdef HAVE_STDINT_H
| # include <stdint.h>
| #endif
| #ifdef HAVE_UNISTD_H
| # include <unistd.h>
| #endif
| int
| main ()
| {
| if (sizeof ((size_t)))
| 	    return 0;
|   ;
|   return 0;
| }
configure:5427: result: yes
configure:5444: checking limits.h usability
configure:5444: i386-pc-posnk-gcc -c -Wall -Wmissing-prototypes -Wpointer-arith -g -O2  -I/home/peterbjornx/nk/gcc_posnk/include conftest.c >&5
configure:5444: $? = 0
configure:5444: result: yes
configure:5444: checking limits.h presence
configure:5444: i386-pc-posnk-gcc -E  -I/home/peterbjornx/nk/gcc_posnk/include conftest.c
configure:5444: $? = 0
configure:5444: result: yes
configure:5444: checking for limits.h
configure:5444: result: yes
configure:5452: checking float.h usability
configure:5452: i386-pc-posnk-gcc -c -Wall -Wmissing-prototypes -Wpointer-arith -g -O2  -I/home/peterbjornx/nk/gcc_posnk/include conftest.c >&5
configure:5452: $? = 0
configure:5452: result: yes
configure:5452: checking float.h presence
configure:5452: i386-pc-posnk-gcc -E  -I/home/peterbjornx/nk/gcc_posnk/include conftest.c
configure:5452: $? = 0
configure:5452: result: yes
configure:5452: checking for float.h
configure:5452: result: yes
configure:5460: checking for string.h
configure:5460: result: yes
configure:5471: checking locale.h usability
configure:5471: i386-pc-posnk-gcc -c -Wall -Wmissing-prototypes -Wpointer-arith -g -O2  -I/home/peterbjornx/nk/gcc_posnk/include conftest.c >&5
configure:5471: $? = 0
configure:5471: result: yes
configure:5471: checking locale.h presence
configure:5471: i386-pc-posnk-gcc -E  -I/home/peterbjornx/nk/gcc_posnk/include conftest.c
configure:5471: $? = 0
configure:5471: result: yes
configure:5471: checking for locale.h
configure:5471: result: yes
configure:5484: checking wchar.h usability
configure:5484: i386-pc-posnk-gcc -c -Wall -Wmissing-prototypes -Wpointer-arith -g -O2  -I/home/peterbjornx/nk/gcc_posnk/include conftest.c >&5
configure:5484: $? = 0
configure:5484: result: yes
configure:5484: checking wchar.h presence
configure:5484: i386-pc-posnk-gcc -E  -I/home/peterbjornx/nk/gcc_posnk/include conftest.c
configure:5484: $? = 0
configure:5484: result: yes
configure:5484: checking for wchar.h
configure:5484: result: yes
configure:5495: checking stdarg.h usability
configure:5495: i386-pc-posnk-gcc -c -Wall -Wmissing-prototypes -Wpointer-arith -g -O2  -I/home/peterbjornx/nk/gcc_posnk/include conftest.c >&5
configure:5495: $? = 0
configure:5495: result: yes
configure:5495: checking stdarg.h presence
configure:5495: i386-pc-posnk-gcc -E  -I/home/peterbjornx/nk/gcc_posnk/include conftest.c
configure:5495: $? = 0
configure:5495: result: yes
configure:5495: checking for stdarg.h
configure:5495: result: yes
configure:5516: checking sys/time.h usability
configure:5516: i386-pc-posnk-gcc -c -Wall -Wmissing-prototypes -Wpointer-arith -g -O2  -I/home/peterbjornx/nk/gcc_posnk/include conftest.c >&5
configure:5516: $? = 0
configure:5516: result: yes
configure:5516: checking sys/time.h presence
configure:5516: i386-pc-posnk-gcc -E  -I/home/peterbjornx/nk/gcc_posnk/include conftest.c
configure:5516: $? = 0
configure:5516: result: yes
configure:5516: checking for sys/time.h
configure:5516: result: yes
configure:5516: checking sys/fpu.h usability
configure:5516: i386-pc-posnk-gcc -c -Wall -Wmissing-prototypes -Wpointer-arith -g -O2  -I/home/peterbjornx/nk/gcc_posnk/include conftest.c >&5
conftest.c:56:21: fatal error: sys/fpu.h: No such file or directory
compilation terminated.
configure:5516: $? = 1
configure: failed program was:
| /* confdefs.h */
| #define PACKAGE_NAME "MPFR"
| #define PACKAGE_TARNAME "mpfr"
| #define PACKAGE_VERSION "3.1.2"
| #define PACKAGE_STRING "MPFR 3.1.2"
| #define PACKAGE_BUGREPORT ""
| #define PACKAGE_URL ""
| #define TIME_WITH_SYS_TIME 1
| #define STDC_HEADERS 1
| #define HAVE_SYS_TYPES_H 1
| #define HAVE_SYS_STAT_H 1
| #define HAVE_STDLIB_H 1
| #define HAVE_STRING_H 1
| #define HAVE_STRINGS_H 1
| #define HAVE_INTTYPES_H 1
| #define HAVE_STDINT_H 1
| #define HAVE_UNISTD_H 1
| #define HAVE_LOCALE_H 1
| #define HAVE_WCHAR_H 1
| #define HAVE_STDARG 1
| #define HAVE_SYS_TIME_H 1
| /* end confdefs.h.  */
| #include <stdio.h>
| #ifdef HAVE_SYS_TYPES_H
| # include <sys/types.h>
| #endif
| #ifdef HAVE_SYS_STAT_H
| # include <sys/stat.h>
| #endif
| #ifdef STDC_HEADERS
| # include <stdlib.h>
| # include <stddef.h>
| #else
| # ifdef HAVE_STDLIB_H
| #  include <stdlib.h>
| # endif
| #endif
| #ifdef HAVE_STRING_H
| # if !defined STDC_HEADERS && defined HAVE_MEMORY_H
| #  include <memory.h>
| # endif
| # include <string.h>
| #endif
| #ifdef HAVE_STRINGS_H
| # include <strings.h>
| #endif
| #ifdef HAVE_INTTYPES_H
| # include <inttypes.h>
| #endif
| #ifdef HAVE_STDINT_H
| # include <stdint.h>
| #endif
| #ifdef HAVE_UNISTD_H
| # include <unistd.h>
| #endif
| #include <sys/fpu.h>
configure:5516: result: no
configure:5516: checking sys/fpu.h presence
configure:5516: i386-pc-posnk-gcc -E  -I/home/peterbjornx/nk/gcc_posnk/include conftest.c
conftest.c:23:21: fatal error: sys/fpu.h: No such file or directory
compilation terminated.
configure:5516: $? = 1
configure: failed program was:
| /* confdefs.h */
| #define PACKAGE_NAME "MPFR"
| #define PACKAGE_TARNAME "mpfr"
| #define PACKAGE_VERSION "3.1.2"
| #define PACKAGE_STRING "MPFR 3.1.2"
| #define PACKAGE_BUGREPORT ""
| #define PACKAGE_URL ""
| #define TIME_WITH_SYS_TIME 1
| #define STDC_HEADERS 1
| #define HAVE_SYS_TYPES_H 1
| #define HAVE_SYS_STAT_H 1
| #define HAVE_STDLIB_H 1
| #define HAVE_STRING_H 1
| #define HAVE_STRINGS_H 1
| #define HAVE_INTTYPES_H 1
| #define HAVE_STDINT_H 1
| #define HAVE_UNISTD_H 1
| #define HAVE_LOCALE_H 1
| #define HAVE_WCHAR_H 1
| #define HAVE_STDARG 1
| #define HAVE_SYS_TIME_H 1
| /* end confdefs.h.  */
| #include <sys/fpu.h>
configure:5516: result: no
configure:5516: checking for sys/fpu.h
configure:5516: result: no
configure:5529: checking for working alloca.h
configure:5546: i386-pc-posnk-gcc -o conftest -Wall -Wmissing-prototypes -Wpointer-arith -g -O2  -I/home/peterbjornx/nk/gcc_posnk/include  conftest.c  >&5
configure:5546: $? = 0
configure:5554: result: yes
configure:5562: checking for alloca
configure:5599: i386-pc-posnk-gcc -o conftest -Wall -Wmissing-prototypes -Wpointer-arith -g -O2  -I/home/peterbjornx/nk/gcc_posnk/include  conftest.c  >&5
configure:5599: $? = 0
configure:5607: result: yes
configure:5717: checking for stdint.h
configure:5717: result: yes
configure:5727: checking for SIZE_MAX
configure:5802: result: yes
configure:5813: checking how to copy va_list
configure:5831: i386-pc-posnk-gcc -o conftest -Wall -Wmissing-prototypes -Wpointer-arith -g -O2  -I/home/peterbjornx/nk/gcc_posnk/include  conftest.c  >&5
conftest.c: In function 'main':
conftest.c:34:4: warning: 'ap2' is used uninitialized in this function [-Wuninitialized]
configure:5831: $? = 0
configure:5833: result: va_copy
configure:5872: checking for memmove
configure:5872: i386-pc-posnk-gcc -o conftest -Wall -Wmissing-prototypes -Wpointer-arith -g -O2  -I/home/peterbjornx/nk/gcc_posnk/include  conftest.c  >&5
conftest.c:50:6: warning: conflicting types for built-in function 'memmove' [enabled by default]
configure:5872: $? = 0
configure:5872: result: yes
configure:5872: checking for memset
configure:5872: i386-pc-posnk-gcc -o conftest -Wall -Wmissing-prototypes -Wpointer-arith -g -O2  -I/home/peterbjornx/nk/gcc_posnk/include  conftest.c  >&5
conftest.c:51:6: warning: conflicting types for built-in function 'memset' [enabled by default]
configure:5872: $? = 0
configure:5872: result: yes
configure:5872: checking for setlocale
configure:5872: i386-pc-posnk-gcc -o conftest -Wall -Wmissing-prototypes -Wpointer-arith -g -O2  -I/home/peterbjornx/nk/gcc_posnk/include  conftest.c  >&5
configure:5872: $? = 0
configure:5872: result: yes
configure:5872: checking for strtol
configure:5872: i386-pc-posnk-gcc -o conftest -Wall -Wmissing-prototypes -Wpointer-arith -g -O2  -I/home/peterbjornx/nk/gcc_posnk/include  conftest.c  >&5
configure:5872: $? = 0
configure:5872: result: yes
configure:5872: checking for gettimeofday
configure:5872: i386-pc-posnk-gcc -o conftest -Wall -Wmissing-prototypes -Wpointer-arith -g -O2  -I/home/peterbjornx/nk/gcc_posnk/include  conftest.c  >&5
configure:5872: $? = 0
configure:5872: result: yes
configure:5925: checking for long long int
configure:5925: i386-pc-posnk-gcc -c -Wall -Wmissing-prototypes -Wpointer-arith -g -O2  -I/home/peterbjornx/nk/gcc_posnk/include conftest.c >&5
configure:5925: $? = 0
configure:5925: i386-pc-posnk-gcc -c -Wall -Wmissing-prototypes -Wpointer-arith -g -O2  -I/home/peterbjornx/nk/gcc_posnk/include conftest.c >&5
conftest.c: In function 'main':
conftest.c:68:28: error: expected expression before ')' token
configure:5925: $? = 1
configure: failed program was:
| /* confdefs.h */
| #define PACKAGE_NAME "MPFR"
| #define PACKAGE_TARNAME "mpfr"
| #define PACKAGE_VERSION "3.1.2"
| #define PACKAGE_STRING "MPFR 3.1.2"
| #define PACKAGE_BUGREPORT ""
| #define PACKAGE_URL ""
| #define TIME_WITH_SYS_TIME 1
| #define STDC_HEADERS 1
| #define HAVE_SYS_TYPES_H 1
| #define HAVE_SYS_STAT_H 1
| #define HAVE_STDLIB_H 1
| #define HAVE_STRING_H 1
| #define HAVE_STRINGS_H 1
| #define HAVE_INTTYPES_H 1
| #define HAVE_STDINT_H 1
| #define HAVE_UNISTD_H 1
| #define HAVE_LOCALE_H 1
| #define HAVE_WCHAR_H 1
| #define HAVE_STDARG 1
| #define HAVE_SYS_TIME_H 1
| #define HAVE_ALLOCA_H 1
| #define HAVE_ALLOCA 1
| #define HAVE_STDINT_H 1
| #define HAVE_VA_COPY 1
| #define HAVE_MEMMOVE 1
| #define HAVE_MEMSET 1
| #define HAVE_SETLOCALE 1
| #define HAVE_STRTOL 1
| #define HAVE_GETTIMEOFDAY 1
| /* end confdefs.h.  */
| #include <stdio.h>
| #ifdef HAVE_SYS_TYPES_H
| # include <sys/types.h>
| #endif
| #ifdef HAVE_SYS_STAT_H
| # include <sys/stat.h>
| #endif
| #ifdef STDC_HEADERS
| # include <stdlib.h>
| # include <stddef.h>
| #else
| # ifdef HAVE_STDLIB_H
| #  include <stdlib.h>
| # endif
| #endif
| #ifdef HAVE_STRING_H
| # if !defined STDC_HEADERS && defined HAVE_MEMORY_H
| #  include <memory.h>
| # endif
| # include <string.h>
| #endif
| #ifdef HAVE_STRINGS_H
| # include <strings.h>
| #endif
| #ifdef HAVE_INTTYPES_H
| # include <inttypes.h>
| #endif
| #ifdef HAVE_STDINT_H
| # include <stdint.h>
| #endif
| #ifdef HAVE_UNISTD_H
| # include <unistd.h>
| #endif
| int
| main ()
| {
| if (sizeof ((long long int)))
| 	    return 0;
|   ;
|   return 0;
| }
configure:5925: result: yes
configure:5933: checking for intmax_t
configure:5933: i386-pc-posnk-gcc -c -Wall -Wmissing-prototypes -Wpointer-arith -g -O2  -I/home/peterbjornx/nk/gcc_posnk/include conftest.c >&5
configure:5933: $? = 0
configure:5933: i386-pc-posnk-gcc -c -Wall -Wmissing-prototypes -Wpointer-arith -g -O2  -I/home/peterbjornx/nk/gcc_posnk/include conftest.c >&5
conftest.c: In function 'main':
conftest.c:69:23: error: expected expression before ')' token
configure:5933: $? = 1
configure: failed program was:
| /* confdefs.h */
| #define PACKAGE_NAME "MPFR"
| #define PACKAGE_TARNAME "mpfr"
| #define PACKAGE_VERSION "3.1.2"
| #define PACKAGE_STRING "MPFR 3.1.2"
| #define PACKAGE_BUGREPORT ""
| #define PACKAGE_URL ""
| #define TIME_WITH_SYS_TIME 1
| #define STDC_HEADERS 1
| #define HAVE_SYS_TYPES_H 1
| #define HAVE_SYS_STAT_H 1
| #define HAVE_STDLIB_H 1
| #define HAVE_STRING_H 1
| #define HAVE_STRINGS_H 1
| #define HAVE_INTTYPES_H 1
| #define HAVE_STDINT_H 1
| #define HAVE_UNISTD_H 1
| #define HAVE_LOCALE_H 1
| #define HAVE_WCHAR_H 1
| #define HAVE_STDARG 1
| #define HAVE_SYS_TIME_H 1
| #define HAVE_ALLOCA_H 1
| #define HAVE_ALLOCA 1
| #define HAVE_STDINT_H 1
| #define HAVE_VA_COPY 1
| #define HAVE_MEMMOVE 1
| #define HAVE_MEMSET 1
| #define HAVE_SETLOCALE 1
| #define HAVE_STRTOL 1
| #define HAVE_GETTIMEOFDAY 1
| #define HAVE_LONG_LONG 1
| /* end confdefs.h.  */
| #include <stdio.h>
| #ifdef HAVE_SYS_TYPES_H
| # include <sys/types.h>
| #endif
| #ifdef HAVE_SYS_STAT_H
| # include <sys/stat.h>
| #endif
| #ifdef STDC_HEADERS
| # include <stdlib.h>
| # include <stddef.h>
| #else
| # ifdef HAVE_STDLIB_H
| #  include <stdlib.h>
| # endif
| #endif
| #ifdef HAVE_STRING_H
| # if !defined STDC_HEADERS && defined HAVE_MEMORY_H
| #  include <memory.h>
| # endif
| # include <string.h>
| #endif
| #ifdef HAVE_STRINGS_H
| # include <strings.h>
| #endif
| #ifdef HAVE_INTTYPES_H
| # include <inttypes.h>
| #endif
| #ifdef HAVE_STDINT_H
| # include <stdint.h>
| #endif
| #ifdef HAVE_UNISTD_H
| # include <unistd.h>
| #endif
| int
| main ()
| {
| if (sizeof ((intmax_t)))
| 	    return 0;
|   ;
|   return 0;
| }
configure:5933: result: yes
configure:5944: checking for working INTMAX_MAX
configure:5963: i386-pc-posnk-gcc -c -Wall -Wmissing-prototypes -Wpointer-arith -g -O2  -I/home/peterbjornx/nk/gcc_posnk/include -I./src conftest.c >&5
conftest.c: In function 'main':
conftest.c:38:10: warning: unused variable 'x' [-Wunused-variable]
configure:5963: $? = 0
configure:5972: result: yes
configure:5981: checking for union fpc_csr
configure:5981: i386-pc-posnk-gcc -c -Wall -Wmissing-prototypes -Wpointer-arith -g -O2  -I/home/peterbjornx/nk/gcc_posnk/include conftest.c >&5
conftest.c: In function 'main':
conftest.c:44:13: error: invalid application of 'sizeof' to incomplete type 'union fpc_csr'
configure:5981: $? = 1
configure: failed program was:
| /* confdefs.h */
| #define PACKAGE_NAME "MPFR"
| #define PACKAGE_TARNAME "mpfr"
| #define PACKAGE_VERSION "3.1.2"
| #define PACKAGE_STRING "MPFR 3.1.2"
| #define PACKAGE_BUGREPORT ""
| #define PACKAGE_URL ""
| #define TIME_WITH_SYS_TIME 1
| #define STDC_HEADERS 1
| #define HAVE_SYS_TYPES_H 1
| #define HAVE_SYS_STAT_H 1
| #define HAVE_STDLIB_H 1
| #define HAVE_STRING_H 1
| #define HAVE_STRINGS_H 1
| #define HAVE_INTTYPES_H 1
| #define HAVE_STDINT_H 1
| #define HAVE_UNISTD_H 1
| #define HAVE_LOCALE_H 1
| #define HAVE_WCHAR_H 1
| #define HAVE_STDARG 1
| #define HAVE_SYS_TIME_H 1
| #define HAVE_ALLOCA_H 1
| #define HAVE_ALLOCA 1
| #define HAVE_STDINT_H 1
| #define HAVE_VA_COPY 1
| #define HAVE_MEMMOVE 1
| #define HAVE_MEMSET 1
| #define HAVE_SETLOCALE 1
| #define HAVE_STRTOL 1
| #define HAVE_GETTIMEOFDAY 1
| #define HAVE_LONG_LONG 1
| #define HAVE_INTMAX_T 1
| #define MPFR_HAVE_INTMAX_MAX 1
| /* end confdefs.h.  */
| 
| #if HAVE_SYS_FPU_H
| #  include <sys/fpu.h>
| #endif
| 
| 
| int
| main ()
| {
| if (sizeof (union fpc_csr))
| 	 return 0;
|   ;
|   return 0;
| }
configure:5981: result: no
configure:5994: checking for fesetround
configure:6013: i386-pc-posnk-gcc -o conftest -Wall -Wmissing-prototypes -Wpointer-arith -g -O2  -I/home/peterbjornx/nk/gcc_posnk/include  conftest.c  -lm >&5
conftest.c:35:18: fatal error: fenv.h: No such file or directory
compilation terminated.
configure:6013: $? = 1
configure: failed program was:
| /* confdefs.h */
| #define PACKAGE_NAME "MPFR"
| #define PACKAGE_TARNAME "mpfr"
| #define PACKAGE_VERSION "3.1.2"
| #define PACKAGE_STRING "MPFR 3.1.2"
| #define PACKAGE_BUGREPORT ""
| #define PACKAGE_URL ""
| #define TIME_WITH_SYS_TIME 1
| #define STDC_HEADERS 1
| #define HAVE_SYS_TYPES_H 1
| #define HAVE_SYS_STAT_H 1
| #define HAVE_STDLIB_H 1
| #define HAVE_STRING_H 1
| #define HAVE_STRINGS_H 1
| #define HAVE_INTTYPES_H 1
| #define HAVE_STDINT_H 1
| #define HAVE_UNISTD_H 1
| #define HAVE_LOCALE_H 1
| #define HAVE_WCHAR_H 1
| #define HAVE_STDARG 1
| #define HAVE_SYS_TIME_H 1
| #define HAVE_ALLOCA_H 1
| #define HAVE_ALLOCA 1
| #define HAVE_STDINT_H 1
| #define HAVE_VA_COPY 1
| #define HAVE_MEMMOVE 1
| #define HAVE_MEMSET 1
| #define HAVE_SETLOCALE 1
| #define HAVE_STRTOL 1
| #define HAVE_GETTIMEOFDAY 1
| #define HAVE_LONG_LONG 1
| #define HAVE_INTMAX_T 1
| #define MPFR_HAVE_INTMAX_MAX 1
| /* end confdefs.h.  */
| #include <fenv.h>
| int
| main ()
| {
| fesetround(FE_TONEAREST);
|   ;
|   return 0;
| }
configure:6023: result: no
configure:6032: checking for gcc float-conversion bug
configure:6084: result: cannot test, use -ffloat-store
configure:6091: checking for denormalized numbers
configure:6123: result: no
configure:6131: checking if the FP division by 0 fails
configure:6162: result: cannot test, assume no
configure:6176: checking if NAN == NAN
configure:6211: result: cannot test, assume no
configure:6239: checking if charset has consecutive values
configure:6242: result: cannot test
configure:6288: checking for math/round
configure:6308: i386-pc-posnk-gcc -o conftest -Wall -Wmissing-prototypes -Wpointer-arith -g -O2 -ffloat-store  -I/home/peterbjornx/nk/gcc_posnk/include  conftest.c  -lm >&5
conftest.c:37:5: warning: no previous prototype for 'f' [-Wmissing-prototypes]
conftest.c: In function 'main':
conftest.c:43:9: warning: variable 'a' set but not used [-Wunused-but-set-variable]
configure:6308: $? = 0
configure:6310: result: yes
configure:6323: checking for math/trunc
configure:6343: i386-pc-posnk-gcc -o conftest -Wall -Wmissing-prototypes -Wpointer-arith -g -O2 -ffloat-store  -I/home/peterbjornx/nk/gcc_posnk/include  conftest.c  -lm >&5
conftest.c:38:5: warning: no previous prototype for 'f' [-Wmissing-prototypes]
conftest.c: In function 'main':
conftest.c:44:9: warning: variable 'a' set but not used [-Wunused-but-set-variable]
configure:6343: $? = 0
configure:6345: result: yes
configure:6358: checking for math/floor
configure:6378: i386-pc-posnk-gcc -o conftest -Wall -Wmissing-prototypes -Wpointer-arith -g -O2 -ffloat-store  -I/home/peterbjornx/nk/gcc_posnk/include  conftest.c  -lm >&5
conftest.c:39:5: warning: no previous prototype for 'f' [-Wmissing-prototypes]
conftest.c: In function 'main':
conftest.c:45:9: warning: variable 'a' set but not used [-Wunused-but-set-variable]
configure:6378: $? = 0
configure:6380: result: yes
configure:6393: checking for math/ceil
configure:6413: i386-pc-posnk-gcc -o conftest -Wall -Wmissing-prototypes -Wpointer-arith -g -O2 -ffloat-store  -I/home/peterbjornx/nk/gcc_posnk/include  conftest.c  -lm >&5
conftest.c:40:5: warning: no previous prototype for 'f' [-Wmissing-prototypes]
conftest.c: In function 'main':
conftest.c:46:9: warning: variable 'a' set but not used [-Wunused-but-set-variable]
configure:6413: $? = 0
configure:6415: result: yes
configure:6428: checking for math/rint
configure:6448: i386-pc-posnk-gcc -o conftest -Wall -Wmissing-prototypes -Wpointer-arith -g -O2 -ffloat-store  -I/home/peterbjornx/nk/gcc_posnk/include  conftest.c  -lm >&5
conftest.c:41:5: warning: no previous prototype for 'f' [-Wmissing-prototypes]
conftest.c: In function 'main':
conftest.c:47:9: warning: variable 'a' set but not used [-Wunused-but-set-variable]
configure:6448: $? = 0
configure:6450: result: yes
configure:6468: checking for long double
configure:6468: i386-pc-posnk-gcc -c -Wall -Wmissing-prototypes -Wpointer-arith -g -O2 -ffloat-store  -I/home/peterbjornx/nk/gcc_posnk/include conftest.c >&5
configure:6468: $? = 0
configure:6468: i386-pc-posnk-gcc -c -Wall -Wmissing-prototypes -Wpointer-arith -g -O2 -ffloat-store  -I/home/peterbjornx/nk/gcc_posnk/include conftest.c >&5
conftest.c: In function 'main':
conftest.c:76:26: error: expected expression before ')' token
configure:6468: $? = 1
configure: failed program was:
| /* confdefs.h */
| #define PACKAGE_NAME "MPFR"
| #define PACKAGE_TARNAME "mpfr"
| #define PACKAGE_VERSION "3.1.2"
| #define PACKAGE_STRING "MPFR 3.1.2"
| #define PACKAGE_BUGREPORT ""
| #define PACKAGE_URL ""
| #define TIME_WITH_SYS_TIME 1
| #define STDC_HEADERS 1
| #define HAVE_SYS_TYPES_H 1
| #define HAVE_SYS_STAT_H 1
| #define HAVE_STDLIB_H 1
| #define HAVE_STRING_H 1
| #define HAVE_STRINGS_H 1
| #define HAVE_INTTYPES_H 1
| #define HAVE_STDINT_H 1
| #define HAVE_UNISTD_H 1
| #define HAVE_LOCALE_H 1
| #define HAVE_WCHAR_H 1
| #define HAVE_STDARG 1
| #define HAVE_SYS_TIME_H 1
| #define HAVE_ALLOCA_H 1
| #define HAVE_ALLOCA 1
| #define HAVE_STDINT_H 1
| #define HAVE_VA_COPY 1
| #define HAVE_MEMMOVE 1
| #define HAVE_MEMSET 1
| #define HAVE_SETLOCALE 1
| #define HAVE_STRTOL 1
| #define HAVE_GETTIMEOFDAY 1
| #define HAVE_LONG_LONG 1
| #define HAVE_INTMAX_T 1
| #define MPFR_HAVE_INTMAX_MAX 1
| #define HAVE_ROUND 1
| #define HAVE_TRUNC 1
| #define HAVE_FLOOR 1
| #define HAVE_CEIL 1
| #define HAVE_NEARBYINT 1
| /* end confdefs.h.  */
| #include <stdio.h>
| #ifdef HAVE_SYS_TYPES_H
| # include <sys/types.h>
| #endif
| #ifdef HAVE_SYS_STAT_H
| # include <sys/stat.h>
| #endif
| #ifdef STDC_HEADERS
| # include <stdlib.h>
| # include <stddef.h>
| #else
| # ifdef HAVE_STDLIB_H
| #  include <stdlib.h>
| # endif
| #endif
| #ifdef HAVE_STRING_H
| # if !defined STDC_HEADERS && defined HAVE_MEMORY_H
| #  include <memory.h>
| # endif
| # include <string.h>
| #endif
| #ifdef HAVE_STRINGS_H
| # include <strings.h>
| #endif
| #ifdef HAVE_INTTYPES_H
| # include <inttypes.h>
| #endif
| #ifdef HAVE_STDINT_H
| # include <stdint.h>
| #endif
| #ifdef HAVE_UNISTD_H
| # include <unistd.h>
| #endif
| int
| main ()
| {
| if (sizeof ((long double)))
| 	    return 0;
|   ;
|   return 0;
| }
configure:6468: result: yes
configure:6478: checking format of `long double' floating point
configure:6505: i386-pc-posnk-gcc -Wall -Wmissing-prototypes -Wpointer-arith -g -O2 -ffloat-store  -I/home/peterbjornx/nk/gcc_posnk/include -c conftest.c >&5 2>&1
configure:6508: $? = 0
configure:6780: result: IEEE extended, little endian
configure:6825: checking for TLS support
configure:6837: result: cannot test, assume no
configure:6882: checking for library containing clock_gettime
configure:6913: i386-pc-posnk-gcc -o conftest -Wall -Wmissing-prototypes -Wpointer-arith -g -O2 -ffloat-store  -I/home/peterbjornx/nk/gcc_posnk/include  conftest.c  >&5
/tmp/ccuiz8nd.o: In function `main':
/home/peterbjornx/nk/nkgcc/mpfr-3.1.2/conftest.c:53: undefined reference to `clock_gettime'
collect2: error: ld returned 1 exit status
configure:6913: $? = 1
configure: failed program was:
| /* confdefs.h */
| #define PACKAGE_NAME "MPFR"
| #define PACKAGE_TARNAME "mpfr"
| #define PACKAGE_VERSION "3.1.2"
| #define PACKAGE_STRING "MPFR 3.1.2"
| #define PACKAGE_BUGREPORT ""
| #define PACKAGE_URL ""
| #define TIME_WITH_SYS_TIME 1
| #define STDC_HEADERS 1
| #define HAVE_SYS_TYPES_H 1
| #define HAVE_SYS_STAT_H 1
| #define HAVE_STDLIB_H 1
| #define HAVE_STRING_H 1
| #define HAVE_STRINGS_H 1
| #define HAVE_INTTYPES_H 1
| #define HAVE_STDINT_H 1
| #define HAVE_UNISTD_H 1
| #define HAVE_LOCALE_H 1
| #define HAVE_WCHAR_H 1
| #define HAVE_STDARG 1
| #define HAVE_SYS_TIME_H 1
| #define HAVE_ALLOCA_H 1
| #define HAVE_ALLOCA 1
| #define HAVE_STDINT_H 1
| #define HAVE_VA_COPY 1
| #define HAVE_MEMMOVE 1
| #define HAVE_MEMSET 1
| #define HAVE_SETLOCALE 1
| #define HAVE_STRTOL 1
| #define HAVE_GETTIMEOFDAY 1
| #define HAVE_LONG_LONG 1
| #define HAVE_INTMAX_T 1
| #define MPFR_HAVE_INTMAX_MAX 1
| #define HAVE_ROUND 1
| #define HAVE_TRUNC 1
| #define HAVE_FLOOR 1
| #define HAVE_CEIL 1
| #define HAVE_NEARBYINT 1
| #define HAVE_LONG_DOUBLE 1
| #define HAVE_LDOUBLE_IEEE_EXT_LITTLE 1
| /* end confdefs.h.  */
| 
| /* Override any GCC internal prototype to avoid an error.
|    Use char because int might match the return type of a GCC
|    builtin and then its argument prototype would still apply.  */
| #ifdef __cplusplus
| extern "C"
| #endif
| char clock_gettime ();
| int
| main ()
| {
| return clock_gettime ();
|   ;
|   return 0;
| }
configure:6913: i386-pc-posnk-gcc -o conftest -Wall -Wmissing-prototypes -Wpointer-arith -g -O2 -ffloat-store  -I/home/peterbjornx/nk/gcc_posnk/include  conftest.c -lrt   >&5
/home/peterbjornx/nk/gcc_posnk/lib/gcc/i386-pc-posnk/4.7.2/../../../../i386-pc-posnk/bin/ld: cannot find -lrt
collect2: error: ld returned 1 exit status
configure:6913: $? = 1
configure: failed program was:
| /* confdefs.h */
| #define PACKAGE_NAME "MPFR"
| #define PACKAGE_TARNAME "mpfr"
| #define PACKAGE_VERSION "3.1.2"
| #define PACKAGE_STRING "MPFR 3.1.2"
| #define PACKAGE_BUGREPORT ""
| #define PACKAGE_URL ""
| #define TIME_WITH_SYS_TIME 1
| #define STDC_HEADERS 1
| #define HAVE_SYS_TYPES_H 1
| #define HAVE_SYS_STAT_H 1
| #define HAVE_STDLIB_H 1
| #define HAVE_STRING_H 1
| #define HAVE_STRINGS_H 1
| #define HAVE_INTTYPES_H 1
| #define HAVE_STDINT_H 1
| #define HAVE_UNISTD_H 1
| #define HAVE_LOCALE_H 1
| #define HAVE_WCHAR_H 1
| #define HAVE_STDARG 1
| #define HAVE_SYS_TIME_H 1
| #define HAVE_ALLOCA_H 1
| #define HAVE_ALLOCA 1
| #define HAVE_STDINT_H 1
| #define HAVE_VA_COPY 1
| #define HAVE_MEMMOVE 1
| #define HAVE_MEMSET 1
| #define HAVE_SETLOCALE 1
| #define HAVE_STRTOL 1
| #define HAVE_GETTIMEOFDAY 1
| #define HAVE_LONG_LONG 1
| #define HAVE_INTMAX_T 1
| #define MPFR_HAVE_INTMAX_MAX 1
| #define HAVE_ROUND 1
| #define HAVE_TRUNC 1
| #define HAVE_FLOOR 1
| #define HAVE_CEIL 1
| #define HAVE_NEARBYINT 1
| #define HAVE_LONG_DOUBLE 1
| #define HAVE_LDOUBLE_IEEE_EXT_LITTLE 1
| /* end confdefs.h.  */
| 
| /* Override any GCC internal prototype to avoid an error.
|    Use char because int might match the return type of a GCC
|    builtin and then its argument prototype would still apply.  */
| #ifdef __cplusplus
| extern "C"
| #endif
| char clock_gettime ();
| int
| main ()
| {
| return clock_gettime ();
|   ;
|   return 0;
| }
configure:6930: result: no
configure:6946: checking for gmp.h
configure:6954: i386-pc-posnk-gcc -c -Wall -Wmissing-prototypes -Wpointer-arith -g -O2 -ffloat-store  -I/home/peterbjornx/nk/gcc_posnk/include conftest.c >&5
configure:6954: $? = 0
configure:6955: result: yes
configure:7383: checking how to print strings
configure:7410: result: printf
configure:7431: checking for a sed that does not truncate output
configure:7495: result: /bin/sed
configure:7513: checking for fgrep
configure:7575: result: /bin/grep -F
configure:7610: checking for ld used by i386-pc-posnk-gcc
configure:7677: result: /home/peterbjornx/nk/gcc_posnk/i386-pc-posnk/bin/ld
configure:7684: checking if the linker (/home/peterbjornx/nk/gcc_posnk/i386-pc-posnk/bin/ld) is GNU ld
configure:7699: result: yes
configure:7711: checking for BSD- or MS-compatible name lister (nm)
configure:7760: result: /home/peterbjornx/nk/gcc_posnk/bin/i386-pc-posnk-nm -B
configure:7890: checking the name lister (/home/peterbjornx/nk/gcc_posnk/bin/i386-pc-posnk-nm -B) interface
configure:7897: i386-pc-posnk-gcc -c -Wall -Wmissing-prototypes -Wpointer-arith -g -O2 -ffloat-store  -I/home/peterbjornx/nk/gcc_posnk/include conftest.c >&5
configure:7900: /home/peterbjornx/nk/gcc_posnk/bin/i386-pc-posnk-nm -B "conftest.o"
configure:7903: output
00000000 B some_variable
configure:7910: result: BSD nm
configure:7913: checking whether ln -s works
configure:7917: result: yes
configure:7925: checking the maximum length of command line arguments
configure:8056: result: 1572864
configure:8073: checking whether the shell understands some XSI constructs
configure:8083: result: yes
configure:8087: checking whether the shell understands "+="
configure:8093: result: yes
configure:8128: checking how to convert x86_64-pc-linux-gnu file names to i386-pc-posnk format
configure:8168: result: func_convert_file_noop
configure:8175: checking how to convert x86_64-pc-linux-gnu file names to toolchain format
configure:8195: result: func_convert_file_noop
configure:8202: checking for /home/peterbjornx/nk/gcc_posnk/i386-pc-posnk/bin/ld option to reload object files
configure:8209: result: -r
configure:8243: checking for i386-pc-posnk-objdump
configure:8270: result: objdump
configure:8339: checking how to recognize dependent libraries
configure:8537: result: unknown
configure:8582: checking for i386-pc-posnk-dlltool
configure:8609: result: dlltool
configure:8679: checking how to associate runtime and link libraries
configure:8706: result: printf %s\n
configure:8722: checking for i386-pc-posnk-ar
configure:8738: found /home/peterbjornx/nk/gcc_posnk/bin/i386-pc-posnk-ar
configure:8749: result: i386-pc-posnk-ar
configure:8830: checking for archiver @FILE support
configure:8847: i386-pc-posnk-gcc -c -Wall -Wmissing-prototypes -Wpointer-arith -g -O2 -ffloat-store  -I/home/peterbjornx/nk/gcc_posnk/include conftest.c >&5
configure:8847: $? = 0
configure:8850: i386-pc-posnk-ar cru libconftest.a @conftest.lst >&5
configure:8853: $? = 0
configure:8858: i386-pc-posnk-ar cru libconftest.a @conftest.lst >&5
i386-pc-posnk-ar: conftest.o: No such file or directory
configure:8861: $? = 1
configure:8873: result: @
configure:8891: checking for i386-pc-posnk-strip
configure:8918: result: i386-pc-posnk-strip
configure:8990: checking for i386-pc-posnk-ranlib
configure:9006: found /home/peterbjornx/nk/gcc_posnk/bin/i386-pc-posnk-ranlib
configure:9017: result: i386-pc-posnk-ranlib
configure:9159: checking command to parse /home/peterbjornx/nk/gcc_posnk/bin/i386-pc-posnk-nm -B output from i386-pc-posnk-gcc object
configure:9279: i386-pc-posnk-gcc -c -Wall -Wmissing-prototypes -Wpointer-arith -g -O2 -ffloat-store  -I/home/peterbjornx/nk/gcc_posnk/include conftest.c >&5
configure:9282: $? = 0
configure:9286: /home/peterbjornx/nk/gcc_posnk/bin/i386-pc-posnk-nm -B conftest.o \| sed -n -e 's/^.*[ ]\([ABCDGIRSTW][ABCDGIRSTW]*\)[ ][ ]*\([_A-Za-z][_A-Za-z0-9]*\)$/\1 \2 \2/p' | sed '/ __gnu_lto/d' \> conftest.nm
configure:9289: $? = 0
configure:9355: i386-pc-posnk-gcc -o conftest -Wall -Wmissing-prototypes -Wpointer-arith -g -O2 -ffloat-store  -I/home/peterbjornx/nk/gcc_posnk/include  conftest.c conftstm.o >&5
configure:9358: $? = 0
configure:9396: result: ok
configure:9433: checking for sysroot
configure:9463: result: no
configure:9686: checking for i386-pc-posnk-mt
configure:9716: result: no
configure:9726: checking for mt
configure:9742: found /bin/mt
configure:9753: result: mt
configure:9765: WARNING: using cross tools not prefixed with host triplet
configure:9776: checking if mt is a manifest tool
configure:9782: mt '-?'
configure:9790: result: no
configure:10429: checking for dlfcn.h
configure:10429: i386-pc-posnk-gcc -c -Wall -Wmissing-prototypes -Wpointer-arith -g -O2 -ffloat-store  -I/home/peterbjornx/nk/gcc_posnk/include conftest.c >&5
conftest.c:76:19: fatal error: dlfcn.h: No such file or directory
compilation terminated.
configure:10429: $? = 1
configure: failed program was:
| /* confdefs.h */
| #define PACKAGE_NAME "MPFR"
| #define PACKAGE_TARNAME "mpfr"
| #define PACKAGE_VERSION "3.1.2"
| #define PACKAGE_STRING "MPFR 3.1.2"
| #define PACKAGE_BUGREPORT ""
| #define PACKAGE_URL ""
| #define TIME_WITH_SYS_TIME 1
| #define STDC_HEADERS 1
| #define HAVE_SYS_TYPES_H 1
| #define HAVE_SYS_STAT_H 1
| #define HAVE_STDLIB_H 1
| #define HAVE_STRING_H 1
| #define HAVE_STRINGS_H 1
| #define HAVE_INTTYPES_H 1
| #define HAVE_STDINT_H 1
| #define HAVE_UNISTD_H 1
| #define HAVE_LOCALE_H 1
| #define HAVE_WCHAR_H 1
| #define HAVE_STDARG 1
| #define HAVE_SYS_TIME_H 1
| #define HAVE_ALLOCA_H 1
| #define HAVE_ALLOCA 1
| #define HAVE_STDINT_H 1
| #define HAVE_VA_COPY 1
| #define HAVE_MEMMOVE 1
| #define HAVE_MEMSET 1
| #define HAVE_SETLOCALE 1
| #define HAVE_STRTOL 1
| #define HAVE_GETTIMEOFDAY 1
| #define HAVE_LONG_LONG 1
| #define HAVE_INTMAX_T 1
| #define MPFR_HAVE_INTMAX_MAX 1
| #define HAVE_ROUND 1
| #define HAVE_TRUNC 1
| #define HAVE_FLOOR 1
| #define HAVE_CEIL 1
| #define HAVE_NEARBYINT 1
| #define HAVE_LONG_DOUBLE 1
| #define HAVE_LDOUBLE_IEEE_EXT_LITTLE 1
| /* end confdefs.h.  */
| #include <stdio.h>
| #ifdef HAVE_SYS_TYPES_H
| # include <sys/types.h>
| #endif
| #ifdef HAVE_SYS_STAT_H
| # include <sys/stat.h>
| #endif
| #ifdef STDC_HEADERS
| # include <stdlib.h>
| # include <stddef.h>
| #else
| # ifdef HAVE_STDLIB_H
| #  include <stdlib.h>
| # endif
| #endif
| #ifdef HAVE_STRING_H
| # if !defined STDC_HEADERS && defined HAVE_MEMORY_H
| #  include <memory.h>
| # endif
| # include <string.h>
| #endif
| #ifdef HAVE_STRINGS_H
| # include <strings.h>
| #endif
| #ifdef HAVE_INTTYPES_H
| # include <inttypes.h>
| #endif
| #ifdef HAVE_STDINT_H
| # include <stdint.h>
| #endif
| #ifdef HAVE_UNISTD_H
| # include <unistd.h>
| #endif
| 
| #include <dlfcn.h>
configure:10429: result: no
configure:10633: checking for objdir
configure:10648: result: .libs
configure:10919: checking if i386-pc-posnk-gcc supports -fno-rtti -fno-exceptions
configure:10937: i386-pc-posnk-gcc -c -Wall -Wmissing-prototypes -Wpointer-arith -g -O2 -ffloat-store  -I/home/peterbjornx/nk/gcc_posnk/include -fno-rtti -fno-exceptions conftest.c >&5
cc1: warning: command line option '-fno-rtti' is valid for C++/ObjC++ but not for C [enabled by default]
configure:10941: $? = 0
configure:10954: result: no
configure:11289: checking for i386-pc-posnk-gcc option to produce PIC
configure:11296: result: -fPIC -DPIC
configure:11304: checking if i386-pc-posnk-gcc PIC flag -fPIC -DPIC works
configure:11322: i386-pc-posnk-gcc -c -Wall -Wmissing-prototypes -Wpointer-arith -g -O2 -ffloat-store  -I/home/peterbjornx/nk/gcc_posnk/include -fPIC -DPIC -DPIC conftest.c >&5
configure:11326: $? = 0
configure:11339: result: yes
configure:11368: checking if i386-pc-posnk-gcc static flag -static works
configure:11396: result: yes
configure:11411: checking if i386-pc-posnk-gcc supports -c -o file.o
configure:11432: i386-pc-posnk-gcc -c -Wall -Wmissing-prototypes -Wpointer-arith -g -O2 -ffloat-store  -I/home/peterbjornx/nk/gcc_posnk/include -o out/conftest2.o conftest.c >&5
configure:11436: $? = 0
configure:11458: result: yes
configure:11466: checking if i386-pc-posnk-gcc supports -c -o file.o
configure:11513: result: yes
configure:11546: checking whether the i386-pc-posnk-gcc linker (/home/peterbjornx/nk/gcc_posnk/i386-pc-posnk/bin/ld) supports shared libraries
configure:12703: result: yes
configure:12740: checking whether -lc should be explicitly linked in
configure:12748: i386-pc-posnk-gcc -c -Wall -Wmissing-prototypes -Wpointer-arith -g -O2 -ffloat-store  -I/home/peterbjornx/nk/gcc_posnk/include conftest.c >&5
configure:12751: $? = 0
configure:12766: i386-pc-posnk-gcc -shared  -fPIC -DPIC conftest.o  -v -Wl,-soname -Wl,conftest -o conftest 2\>\&1 \| /bin/grep  -lc  \>/dev/null 2\>\&1
configure:12769: $? = 1
configure:12783: result: yes
configure:12943: checking dynamic linker characteristics
configure:13677: result: no
configure:13784: checking how to hardcode library paths into programs
configure:13809: result: immediate
configure:14349: checking whether stripping libraries is possible
configure:14354: result: yes
configure:14389: checking if libtool supports shared libraries
configure:14391: result: no
configure:14394: checking whether to build shared libraries
configure:14415: result: no
configure:14418: checking whether to build static libraries
configure:14422: result: yes
configure:14462: checking whether gcc __attribute__ ((mode (XX))) works
configure:14478: i386-pc-posnk-gcc -c -Wall -Wmissing-prototypes -Wpointer-arith -g -O2 -ffloat-store  -I/home/peterbjornx/nk/gcc_posnk/include conftest.c >&5
configure:14478: $? = 0
configure:14486: result: yes
configure:14497: checking for recent GMP
configure:14509: i386-pc-posnk-gcc -c -Wall -Wmissing-prototypes -Wpointer-arith -g -O2 -ffloat-store  -I/home/peterbjornx/nk/gcc_posnk/include conftest.c >&5
configure:14509: $? = 0
configure:14510: result: yes
configure:14594: checking for __gmpz_init in -lgmp
configure:14619: i386-pc-posnk-gcc -o conftest -Wall -Wmissing-prototypes -Wpointer-arith -g -O2 -ffloat-store  -I/home/peterbjornx/nk/gcc_posnk/include  conftest.c -lgmp   >&5
configure:14619: $? = 0
configure:14628: result: yes
configure:14638: checking if gmp.h version and libgmp version are the same
configure:14644: result: can not test
configure:14969: checking for __gmpn_rootrem
configure:14969: i386-pc-posnk-gcc -o conftest -Wall -Wmissing-prototypes -Wpointer-arith -g -O2 -ffloat-store  -I/home/peterbjornx/nk/gcc_posnk/include  conftest.c -lgmp  >&5
configure:14969: $? = 0
configure:14969: result: yes
configure:14969: checking for __gmpn_sbpi1_divappr_q
configure:14969: i386-pc-posnk-gcc -o conftest -Wall -Wmissing-prototypes -Wpointer-arith -g -O2 -ffloat-store  -I/home/peterbjornx/nk/gcc_posnk/include  conftest.c -lgmp  >&5
configure:14969: $? = 0
configure:14969: result: yes
configure:15179: creating ./config.status

## ---------------------- ##
## Running config.status. ##
## ---------------------- ##

This file was extended by MPFR config.status 3.1.2, which was
generated by GNU Autoconf 2.69.  Invocation command line was

  CONFIG_FILES    = 
  CONFIG_HEADERS  = 
  CONFIG_LINKS    = 
  CONFIG_COMMANDS = 
  $ ./config.status 

on Peterbjornx-PC

config.status:1012: creating Makefile
config.status:1012: creating doc/Makefile
config.status:1012: creating src/Makefile
config.status:1012: creating tests/Makefile
config.status:1012: creating tune/Makefile
config.status:1012: creating src/mparam.h
config.status:1184: executing depfiles commands
config.status:1184: executing libtool commands

## ---------------- ##
## Cache variables. ##
## ---------------- ##

ac_cv_build=x86_64-pc-linux-gnu
ac_cv_c_compiler_gnu=yes
ac_cv_c_const=yes
ac_cv_c_volatile=yes
ac_cv_env_CC_set=
ac_cv_env_CC_value=
ac_cv_env_CFLAGS_set=
ac_cv_env_CFLAGS_value=
ac_cv_env_CPPFLAGS_set=
ac_cv_env_CPPFLAGS_value=
ac_cv_env_CPP_set=
ac_cv_env_CPP_value=
ac_cv_env_LDFLAGS_set=
ac_cv_env_LDFLAGS_value=
ac_cv_env_LIBS_set=
ac_cv_env_LIBS_value=
ac_cv_env_build_alias_set=set
ac_cv_env_build_alias_value=x86_64-pc-linux
ac_cv_env_host_alias_set=set
ac_cv_env_host_alias_value=i386-pc-posnk
ac_cv_env_target_alias_set=set
ac_cv_env_target_alias_value=i386-pc-posnk
ac_cv_func___gmpn_rootrem=yes
ac_cv_func___gmpn_sbpi1_divappr_q=yes
ac_cv_func_alloca_works=yes
ac_cv_func_gettimeofday=yes
ac_cv_func_memmove=yes
ac_cv_func_memset=yes
ac_cv_func_setlocale=yes
ac_cv_func_strtol=yes
ac_cv_header_dlfcn_h=no
ac_cv_header_float_h=yes
ac_cv_header_inttypes_h=yes
ac_cv_header_limits_h=yes
ac_cv_header_locale_h=yes
ac_cv_header_memory_h=no
ac_cv_header_stdarg_h=yes
ac_cv_header_stdc=yes
ac_cv_header_stdint_h=yes
ac_cv_header_stdlib_h=yes
ac_cv_header_string_h=yes
ac_cv_header_strings_h=yes
ac_cv_header_sys_fpu_h=no
ac_cv_header_sys_stat_h=yes
ac_cv_header_sys_time_h=yes
ac_cv_header_sys_types_h=yes
ac_cv_header_time=yes
ac_cv_header_unistd_h=yes
ac_cv_header_wchar_h=yes
ac_cv_host=i386-pc-posnk
ac_cv_lib_gmp___gmpz_init=yes
ac_cv_lib_m_main=yes
ac_cv_objext=o
ac_cv_path_EGREP='/bin/grep -E'
ac_cv_path_FGREP='/bin/grep -F'
ac_cv_path_GREP=/bin/grep
ac_cv_path_SED=/bin/sed
ac_cv_path_install='/usr/bin/install -c'
ac_cv_path_mkdir=/bin/mkdir
ac_cv_prog_AR=i386-pc-posnk-ar
ac_cv_prog_AWK=gawk
ac_cv_prog_CC=i386-pc-posnk-gcc
ac_cv_prog_CPP='i386-pc-posnk-gcc -E'
ac_cv_prog_DLLTOOL=dlltool
ac_cv_prog_OBJDUMP=objdump
ac_cv_prog_RANLIB=i386-pc-posnk-ranlib
ac_cv_prog_STRIP=i386-pc-posnk-strip
ac_cv_prog_ac_ct_MANIFEST_TOOL=mt
ac_cv_prog_cc_c89=
ac_cv_prog_cc_g=yes
ac_cv_prog_cc_i386_pc_posnk_gcc_c_o=yes
ac_cv_prog_make_make_set=yes
ac_cv_search_clock_gettime=no
ac_cv_type_intmax_t=yes
ac_cv_type_long_double=yes
ac_cv_type_long_long_int=yes
ac_cv_type_size_t=yes
ac_cv_type_union_fpc_csr=no
ac_cv_working_alloca_h=yes
am_cv_CC_dependencies_compiler_type=gcc3
gl_cv_size_max=yes
gmp_cv_c_attribute_mode=yes
lt_cv_ar_at_file=@
lt_cv_archive_cmds_need_lc=yes
lt_cv_deplibs_check_method=unknown
lt_cv_file_magic_cmd='$MAGIC_CMD'
lt_cv_file_magic_test_file=
lt_cv_ld_reload_flag=-r
lt_cv_nm_interface='BSD nm'
lt_cv_objdir=.libs
lt_cv_path_LD=/home/peterbjornx/nk/gcc_posnk/i386-pc-posnk/bin/ld
lt_cv_path_NM='/home/peterbjornx/nk/gcc_posnk/bin/i386-pc-posnk-nm -B'
lt_cv_path_mainfest_tool=no
lt_cv_prog_compiler_c_o=yes
lt_cv_prog_compiler_pic='-fPIC -DPIC'
lt_cv_prog_compiler_pic_works=yes
lt_cv_prog_compiler_rtti_exceptions=no
lt_cv_prog_compiler_static_works=yes
lt_cv_prog_gnu_ld=yes
lt_cv_sharedlib_from_linklib_cmd='printf %s\n'
lt_cv_sys_global_symbol_pipe='sed -n -e '\''s/^.*[	 ]\([ABCDGIRSTW][ABCDGIRSTW]*\)[	 ][	 ]*\([_A-Za-z][_A-Za-z0-9]*\)$/\1 \2 \2/p'\'' | sed '\''/ __gnu_lto/d'\'''
lt_cv_sys_global_symbol_to_c_name_address='sed -n -e '\''s/^: \([^ ]*\)[ ]*$/  {\"\1\", (void *) 0},/p'\'' -e '\''s/^[ABCDGIRSTW]* \([^ ]*\) \([^ ]*\)$/  {"\2", (void *) \&\2},/p'\'''
lt_cv_sys_global_symbol_to_c_name_address_lib_prefix='sed -n -e '\''s/^: \([^ ]*\)[ ]*$/  {\"\1\", (void *) 0},/p'\'' -e '\''s/^[ABCDGIRSTW]* \([^ ]*\) \(lib[^ ]*\)$/  {"\2", (void *) \&\2},/p'\'' -e '\''s/^[ABCDGIRSTW]* \([^ ]*\) \([^ ]*\)$/  {"lib\2", (void *) \&\2},/p'\'''
lt_cv_sys_global_symbol_to_cdecl='sed -n -e '\''s/^T .* \(.*\)$/extern int \1();/p'\'' -e '\''s/^[ABCDGIRSTW]* .* \(.*\)$/extern char \1;/p'\'''
lt_cv_sys_max_cmd_len=1572864
lt_cv_to_host_file_cmd=func_convert_file_noop
lt_cv_to_tool_file_cmd=func_convert_file_noop
mpfr_cv_c_long_double_format='IEEE extended, little endian'
mpfr_cv_errdivzero='cannot test, assume no'
mpfr_cv_gcc_floatconv_bug='cannot test, use -ffloat-store'
mpfr_cv_have_denorms=no
mpfr_cv_have_fesetround=no
mpfr_cv_have_intmax_max=yes
mpfr_cv_nanisnan='cannot test, assume no'

## ----------------- ##
## Output variables. ##
## ----------------- ##

ACLOCAL='${SHELL} /home/peterbjornx/nk/nkgcc/mpfr-3.1.2/missing --run aclocal-1.11'
ALLOCA=''
AMDEPBACKSLASH='\'
AMDEP_FALSE='#'
AMDEP_TRUE=''
AMTAR='$${TAR-tar}'
AR='i386-pc-posnk-ar'
AS='as'
AUTOCONF='${SHELL} /home/peterbjornx/nk/nkgcc/mpfr-3.1.2/missing --run autoconf'
AUTOHEADER='${SHELL} /home/peterbjornx/nk/nkgcc/mpfr-3.1.2/missing --run autoheader'
AUTOMAKE='${SHELL} /home/peterbjornx/nk/nkgcc/mpfr-3.1.2/missing --run automake-1.11'
AWK='gawk'
CC='i386-pc-posnk-gcc'
CCDEPMODE='depmode=gcc3'
CFLAGS='-Wall -Wmissing-prototypes -Wpointer-arith -g -O2 -ffloat-store'
CPP='i386-pc-posnk-gcc -E'
CPPFLAGS=' -I/home/peterbjornx/nk/gcc_posnk/include'
CYGPATH_W='echo'
DATAFILES=''
DEFS='-DTIME_WITH_SYS_TIME=1 -DHAVE_INTTYPES_H=1 -DHAVE_STDINT_H=1 -DHAVE_LOCALE_H=1 -DHAVE_WCHAR_H=1 -DHAVE_STDARG=1 -DHAVE_SYS_TIME_H=1 -DHAVE_ALLOCA_H=1 -DHAVE_STDINT_H=1 -DHAVE_VA_COPY=1 -DHAVE_SETLOCALE=1 -DHAVE_GETTIMEOFDAY=1 -DHAVE_LONG_LONG=1 -DHAVE_INTMAX_T=1 -DMPFR_HAVE_INTMAX_MAX=1 -DHAVE_ROUND=1 -DHAVE_TRUNC=1 -DHAVE_FLOOR=1 -DHAVE_CEIL=1 -DHAVE_NEARBYINT=1 -DHAVE_LDOUBLE_IEEE_EXT_LITTLE=1 -DLT_OBJDIR=\".libs/\" -DHAVE_ATTRIBUTE_MODE=1 -DHAVE___GMPN_ROOTREM=1 -DHAVE___GMPN_SBPI1_DIVAPPR_Q=1'
DEPDIR='.deps'
DLLTOOL='dlltool'
DSYMUTIL=''
DUMPBIN=''
ECHO_C=''
ECHO_N='-n'
ECHO_T=''
EGREP='/bin/grep -E'
EXEEXT=''
FGREP='/bin/grep -F'
GREP='/bin/grep'
INSTALL_DATA='${INSTALL} -m 644'
INSTALL_PROGRAM='${INSTALL}'
INSTALL_SCRIPT='${INSTALL}'
INSTALL_STRIP_PROGRAM='$(install_sh) -c -s'
LD='/home/peterbjornx/nk/gcc_posnk/i386-pc-posnk/bin/ld'
LDFLAGS=''
LIBMPFR_LDFLAGS=''
LIBOBJS=''
LIBS='-lgmp '
LIBTOOL='$(SHELL) $(top_builddir)/libtool'
LIPO=''
LN_S='ln -s'
LTLIBOBJS=''
MAINT=''
MAINTAINER_MODE_FALSE='#'
MAINTAINER_MODE_TRUE=''
MAKEINFO='${SHELL} /home/peterbjornx/nk/nkgcc/mpfr-3.1.2/missing --run makeinfo'
MANIFEST_TOOL=':'
MKDIR_P='/bin/mkdir -p'
MPFR_LDFLAGS=''
MPFR_LIBM='-lm'
NM='/home/peterbjornx/nk/gcc_posnk/bin/i386-pc-posnk-nm -B'
NMEDIT=''
OBJDUMP='objdump'
OBJEXT='o'
OTOOL64=''
OTOOL=''
PACKAGE='mpfr'
PACKAGE_BUGREPORT=''
PACKAGE_NAME='MPFR'
PACKAGE_STRING='MPFR 3.1.2'
PACKAGE_TARNAME='mpfr'
PACKAGE_URL=''
PACKAGE_VERSION='3.1.2'
PATH_SEPARATOR=':'
RANLIB='i386-pc-posnk-ranlib'
SED='/bin/sed'
SET_MAKE=''
SHELL='/bin/bash'
STRIP='i386-pc-posnk-strip'
TUNE_LIBS=''
VERSION='3.1.2'
ac_ct_AR=''
ac_ct_CC=''
ac_ct_DUMPBIN=''
am__EXEEXT_FALSE=''
am__EXEEXT_TRUE='#'
am__fastdepCC_FALSE='#'
am__fastdepCC_TRUE=''
am__include='include'
am__isrc=''
am__leading_dot='.'
am__nodep='_no'
am__quote=''
am__tar='$${TAR-tar} chof - "$$tardir"'
am__untar='$${TAR-tar} xf -'
bindir='${exec_prefix}/bin'
build='x86_64-pc-linux-gnu'
build_alias='x86_64-pc-linux'
build_cpu='x86_64'
build_os='linux-gnu'
build_vendor='pc'
datadir='${datarootdir}'
datarootdir='${prefix}/share'
docdir='${datarootdir}/doc/${PACKAGE_TARNAME}'
dvidir='${docdir}'
exec_prefix='${prefix}'
host='i386-pc-posnk'
host_alias='i386-pc-posnk'
host_cpu='i386'
host_os='posnk'
host_vendor='pc'
htmldir='${docdir}'
includedir='${prefix}/include'
infodir='${datarootdir}/info'
install_sh='${SHELL} /home/peterbjornx/nk/nkgcc/mpfr-3.1.2/install-sh'
libdir='${exec_prefix}/lib'
libexecdir='${exec_prefix}/libexec'
localedir='${datarootdir}/locale'
localstatedir='${prefix}/var'
mandir='${datarootdir}/man'
mkdir_p='/bin/mkdir -p'
oldincludedir='/usr/include'
pdfdir='${docdir}'
prefix='/home/peterbjornx/nk/gcc_posnk/i386-pc-posnk'
program_transform_name='s,x,x,'
psdir='${docdir}'
sbindir='${exec_prefix}/sbin'
sharedstatedir='${prefix}/com'
sysconfdir='${prefix}/etc'
target_alias='i386-pc-posnk'

## ----------- ##
## confdefs.h. ##
## ----------- ##

/* confdefs.h */
#define TIME_WITH_SYS_TIME 1
#define HAVE_INTTYPES_H 1
#define HAVE_STDINT_H 1
#define HAVE_LOCALE_H 1
#define HAVE_WCHAR_H 1
#define HAVE_STDARG 1
#define HAVE_SYS_TIME_H 1
#define HAVE_ALLOCA_H 1
#define HAVE_STDINT_H 1
#define HAVE_VA_COPY 1
#define HAVE_SETLOCALE 1
#define HAVE_GETTIMEOFDAY 1
#define HAVE_LONG_LONG 1
#define HAVE_INTMAX_T 1
#define MPFR_HAVE_INTMAX_MAX 1
#define HAVE_ROUND 1
#define HAVE_TRUNC 1
#define HAVE_FLOOR 1
#define HAVE_CEIL 1
#define HAVE_NEARBYINT 1
#define HAVE_LDOUBLE_IEEE_EXT_LITTLE 1
#define LT_OBJDIR ".libs/"
#define HAVE_ATTRIBUTE_MODE 1
#define HAVE___GMPN_ROOTREM 1
#define HAVE___GMPN_SBPI1_DIVAPPR_Q 1

configure: exit 0
